#
# There is insufficient memory for the Java Runtime Environment to continue.
# Native memory allocation (malloc) failed to allocate 700128 bytes for Chunk::new
# Possible reasons:
#   The system is out of physical RAM or swap space
#   The process is running with CompressedOops enabled, and the Java Heap may be blocking the growth of the native heap
# Possible solutions:
#   Reduce memory load on the system
#   Increase physical memory or swap space
#   Check if swap backing store is full
#   Decrease Java heap size (-Xmx/-Xms)
#   Decrease number of Java threads
#   Decrease Java thread stack sizes (-Xss)
#   Set larger code cache with -XX:ReservedCodeCacheSize=
#   JVM is running with Unscaled Compressed Oops mode in which the Java heap is
#     placed in the first 4GB address space. The Java Heap base address is the
#     maximum limit for the native heap growth. Please use -XX:HeapBaseMinAddress
#     to set the Java Heap base and to place the Java Heap above 4GB virtual address.
# This output file may be truncated or incomplete.
#
#  Out of Memory Error (allocation.cpp:389), pid=19344, tid=0x0000000000004270
#
# JRE version: OpenJDK Runtime Environment (8.0_242-b01) (build 1.8.0_242-release-1644-b01)
# Java VM: OpenJDK 64-Bit Server VM (25.242-b01 mixed mode windows-amd64 compressed oops)
# Failed to write core dump. Minidumps are not enabled by default on client versions of Windows
#

---------------  T H R E A D  ---------------

Current thread (0x0000000017698800):  JavaThread "C2 CompilerThread1" daemon [_thread_in_native, id=17008, stack(0x0000000018d20000,0x0000000018e20000)]

Stack: [0x0000000018d20000,0x0000000018e20000]
[error occurred during error reporting (printing stack bounds), id 0xc0000005]

Native frames: (J=compiled Java code, j=interpreted, Vv=VM code, C=native code)


Current CompileTask:
C2:13024223 25101       4       org.objectweb.asm.ClassReader::accept (1376 bytes)


---------------  P R O C E S S  ---------------

Java Threads: ( => current thread )
  0x00000000190a8800 JavaThread "RMI TCP Connection(2)-127.0.0.1" daemon [_thread_in_native, id=14964, stack(0x00000000310d0000,0x00000000311d0000)]
  0x00000000190ab000 JavaThread "RMI Reaper" [_thread_blocked, id=20396, stack(0x0000000030fd0000,0x00000000310d0000)]
  0x00000000190ae800 JavaThread "RMI TCP Accept-0" daemon [_thread_in_native, id=20020, stack(0x0000000030ed0000,0x0000000030fd0000)]
  0x00000000190ae000 JavaThread "RMI RenewClean-[127.0.0.1:17251,org.jetbrains.kotlin.daemon.common.LoopbackNetworkInterface$ClientLoopbackSocketFactory@6a59e452]" daemon [_thread_blocked, id=4276, stack(0x0000000030dd0000,0x0000000030ed0000)]
  0x000000001b9dd000 JavaThread "GC Daemon" daemon [_thread_blocked, id=10024, stack(0x0000000030cd0000,0x0000000030dd0000)]
  0x000000001b9d5800 JavaThread "RMI RenewClean-[127.0.0.1:17830,org.jetbrains.kotlin.daemon.common.LoopbackNetworkInterface$ClientLoopbackSocketFactory@3368883e]" daemon [_thread_blocked, id=4112, stack(0x000000002ee50000,0x000000002ef50000)]
  0x000000001b9dc800 JavaThread "RMI Scheduler(0)" daemon [_thread_blocked, id=3704, stack(0x000000002ade0000,0x000000002aee0000)]
  0x000000001b9db800 JavaThread "stdout" [_thread_in_native, id=12304, stack(0x00000000309d0000,0x0000000030ad0000)]
  0x000000001b9d9800 JavaThread "stderr" [_thread_in_native, id=10080, stack(0x00000000308d0000,0x00000000309d0000)]
  0x000000001b9d1800 JavaThread "pool-37-thread-1" [_thread_blocked, id=18904, stack(0x00000000307d0000,0x00000000308d0000)]
  0x000000001b9ce000 JavaThread "WorkerExecutor Queue Thread 2" [_thread_blocked, id=7924, stack(0x00000000306d0000,0x00000000307d0000)]
  0x000000001b9ce800 JavaThread "WorkerExecutor Queue" [_thread_blocked, id=3280, stack(0x000000002fbc0000,0x000000002fcc0000)]
  0x000000001b9cb000 JavaThread "Cache worker for execution history cache (C:\Users\syota\AndroidStudioProjects\seihekijinrou\.gradle\6.5\executionHistory)" [_thread_blocked, id=16856, stack(0x000000002ff10000,0x0000000030010000)]
  0x000000001b9ca000 JavaThread "Execution worker for ':' Thread 3" [_thread_blocked, id=660, stack(0x000000002fe10000,0x000000002ff10000)]
  0x000000001ef97800 JavaThread "Execution worker for ':' Thread 2" [_thread_in_Java, id=5548, stack(0x000000002fd10000,0x000000002fe10000)]
  0x000000001ef99800 JavaThread "Execution worker for ':'" [_thread_blocked, id=11736, stack(0x000000002f6c0000,0x000000002f7c0000)]
  0x000000001ef93800 JavaThread "Cache worker for file content cache (C:\Users\syota\AndroidStudioProjects\seihekijinrou\.gradle\6.5\fileContent)" [_thread_blocked, id=15620, stack(0x000000002f3c0000,0x000000002f4c0000)]
  0x000000001ef93000 JavaThread "pool-36-thread-1" [_thread_blocked, id=17616, stack(0x000000002a840000,0x000000002a940000)]
  0x000000001ef99000 JavaThread "Cache worker for Build Output Cleanup Cache (C:\Users\syota\AndroidStudioProjects\seihekijinrou\.gradle\buildOutputCleanup)" [_thread_blocked, id=19752, stack(0x00000000218b0000,0x00000000219b0000)]
  0x000000001ef96800 JavaThread "Build operations Thread 4" [_thread_blocked, id=9592, stack(0x00000000217b0000,0x00000000218b0000)]
  0x000000001ef8b800 JavaThread "Build operations Thread 3" [_thread_blocked, id=19400, stack(0x00000000216b0000,0x00000000217b0000)]
  0x000000001ef91800 JavaThread "Build operations Thread 2" [_thread_blocked, id=15112, stack(0x00000000215b0000,0x00000000216b0000)]
  0x000000001ef90800 JavaThread "Build operations" [_thread_blocked, id=13596, stack(0x00000000214b0000,0x00000000215b0000)]
  0x000000001ef8e800 JavaThread "Cache worker for cache directory md-rule (C:\Users\syota\.gradle\caches\6.5\md-rule)" [_thread_blocked, id=20440, stack(0x000000001f440000,0x000000001f540000)]
  0x000000001f376800 JavaThread "Cache worker for cache directory md-supplier (C:\Users\syota\.gradle\caches\6.5\md-supplier)" [_thread_blocked, id=14744, stack(0x000000001cca0000,0x000000001cda0000)]
  0x000000001f37d800 JavaThread "Cache worker for checksums cache (C:\Users\syota\AndroidStudioProjects\seihekijinrou\.gradle\checksums)" [_thread_blocked, id=16960, stack(0x000000001cba0000,0x000000001cca0000)]
  0x000000001f376000 JavaThread "Cache worker for file hash cache (C:\Users\syota\AndroidStudioProjects\seihekijinrou\.gradle\6.5\fileHashes)" [_thread_blocked, id=6532, stack(0x000000001caa0000,0x000000001cba0000)]
  0x000000001f37c800 JavaThread "Thread-2547" [_thread_blocked, id=13696, stack(0x000000001c9a0000,0x000000001caa0000)]
  0x000000001f37c000 JavaThread "Asynchronous log dispatcher for DefaultDaemonConnection: socket connection from /127.0.0.1:51780 to /127.0.0.1:52499" [_thread_blocked, id=13116, stack(0x000000001c0c0000,0x000000001c1c0000)]
  0x000000001f377800 JavaThread "Cancel handler" [_thread_blocked, id=18880, stack(0x0000000000b20000,0x0000000000c20000)]
  0x000000001f379800 JavaThread "Handler for socket connection from /127.0.0.1:51780 to /127.0.0.1:52499" [_thread_in_native, id=5560, stack(0x0000000000a20000,0x0000000000b20000)]
  0x00000000190ac800 JavaThread "Daemon worker Thread 18" [_thread_blocked, id=13332, stack(0x000000001bfc0000,0x000000001c0c0000)]
  0x00000000190af800 JavaThread "Daemon Thread 17" [_thread_blocked, id=7468, stack(0x0000000000920000,0x0000000000a20000)]
  0x000000001ef94800 JavaThread "Memory manager" [_thread_blocked, id=19668, stack(0x000000002bae0000,0x000000002bbe0000)]
  0x00000000198a4800 JavaThread "Cache worker for file content cache (C:\Users\syota\.gradle\caches\6.5\fileContent)" [_thread_blocked, id=120, stack(0x00000000228b0000,0x00000000229b0000)]
  0x00000000198a0000 JavaThread "Cache worker for execution history cache (C:\Users\syota\.gradle\caches\6.5\executionHistory)" [_thread_blocked, id=11184, stack(0x00000000223b0000,0x00000000224b0000)]
  0x00000000190aa000 JavaThread "Cache worker for file hash cache (C:\Users\syota\.gradle\caches\6.5\fileHashes)" [_thread_blocked, id=11756, stack(0x000000001d1a0000,0x000000001d2a0000)]
  0x00000000190a9800 JavaThread "File lock request listener" [_thread_in_native, id=3900, stack(0x000000001d0a0000,0x000000001d1a0000)]
  0x000000001a3e3000 JavaThread "Cache worker for journal cache (C:\Users\syota\.gradle\caches\journal-1)" [_thread_blocked, id=8188, stack(0x000000001cfa0000,0x000000001d0a0000)]
  0x000000001b008800 JavaThread "Daemon periodic checks" [_thread_blocked, id=15848, stack(0x000000001c3a0000,0x000000001c4a0000)]
  0x000000001afac800 JavaThread "Incoming local TCP Connector on port 51780" [_thread_in_native, id=3168, stack(0x000000001c1c0000,0x000000001c2c0000)]
  0x000000001ad77000 JavaThread "Daemon health stats" [_thread_blocked, id=9272, stack(0x000000001bec0000,0x000000001bfc0000)]
  0x0000000018e4e000 JavaThread "Service Thread" daemon [_thread_blocked, id=988, stack(0x0000000019320000,0x0000000019420000)]
  0x000000001769e800 JavaThread "C1 CompilerThread2" daemon [_thread_blocked, id=16564, stack(0x0000000019220000,0x0000000019320000)]
=>0x0000000017698800 JavaThread "C2 CompilerThread1" daemon [_thread_in_native, id=17008, stack(0x0000000018d20000,0x0000000018e20000)]
  0x0000000017692000 JavaThread "C2 CompilerThread0" daemon [_thread_in_native, id=19496, stack(0x0000000018c20000,0x0000000018d20000)]
  0x000000001764e000 JavaThread "Attach Listener" daemon [_thread_blocked, id=11900, stack(0x0000000018b20000,0x0000000018c20000)]
  0x000000001764c800 JavaThread "Signal Dispatcher" daemon [_thread_blocked, id=2712, stack(0x0000000018a20000,0x0000000018b20000)]
  0x0000000002a1b000 JavaThread "Finalizer" daemon [_thread_blocked, id=14372, stack(0x0000000018890000,0x0000000018990000)]
  0x0000000017629000 JavaThread "Reference Handler" daemon [_thread_blocked, id=17044, stack(0x0000000018790000,0x0000000018890000)]
  0x000000000291d800 JavaThread "main" [_thread_blocked, id=10820, stack(0x0000000002780000,0x0000000002880000)]

Other Threads:
  0x0000000017605800 VMThread [stack: 0x0000000018690000,0x0000000018790000] [id=11348]
  0x0000000018e4f000 WatcherThread [stack: 0x0000000019420000,0x0000000019520000] [id=1860]

VM state:not at safepoint (normal execution)

VM Mutex/Monitor currently owned by a thread: None

heap address: 0x0000000080000000, size: 2048 MB, Compressed Oops mode: 32-bit
Narrow klass base: 0x0000000000000000, Narrow klass shift: 3
Compressed class space size: 1073741824 Address: 0x0000000100000000

Heap:
 PSYoungGen      total 305664K, used 118291K [0x00000000d5580000, 0x00000000efb00000, 0x0000000100000000)
  eden space 203776K, 58% used [0x00000000d5580000,0x00000000dc904cb8,0x00000000e1c80000)
  from space 101888K, 0% used [0x00000000e1c80000,0x00000000e1c80000,0x00000000e8000000)
  to   space 107520K, 0% used [0x00000000e9200000,0x00000000e9200000,0x00000000efb00000)
 ParOldGen       total 151040K, used 68389K [0x0000000080000000, 0x0000000089380000, 0x00000000d5580000)
  object space 151040K, 45% used [0x0000000080000000,0x00000000842c9698,0x0000000089380000)
 Metaspace       used 114396K, capacity 122376K, committed 125260K, reserved 1157120K
  class space    used 14670K, capacity 16149K, committed 17024K, reserved 1048576K

Card table byte_map: [0x0000000011de0000,0x00000000121f0000] byte_map_base: 0x00000000119e0000

Marking Bits: (ParMarkBitMap*) 0x00000000543ff030
 Begin Bits: [0x00000000128a0000, 0x00000000148a0000)
 End Bits:   [0x00000000148a0000, 0x00000000168a0000)

Polling page: 0x0000000000c30000

CodeCache: size=245760Kb used=67153Kb max_used=67153Kb free=178606Kb
 bounds [0x0000000002a20000, 0x0000000006c20000, 0x0000000011a20000]
 total_blobs=20184 nmethods=19230 adapters=866
 compilation: enabled

Compilation events (10 events):
Event: 13024.151 Thread 0x000000001769e800 25117       2       org.objectweb.asm.ClassReader::readMethod (1061 bytes)
Event: 13024.163 Thread 0x000000001769e800 nmethod 25117 0x0000000006c10c50 code [0x0000000006c11120, 0x0000000006c13af8]
Event: 13024.179 Thread 0x000000001769e800 25118       2       org.gradle.internal.normalization.java.impl.ApiMemberSelector::visitAnnotation (33 bytes)
Event: 13024.181 Thread 0x000000001769e800 nmethod 25118 0x0000000006bf2250 code [0x0000000006bf2400, 0x0000000006bf2918]
Event: 13024.186 Thread 0x000000001769e800 25119       2       org.gradle.internal.normalization.java.impl.SortingAnnotationVisitor::visit (30 bytes)
Event: 13024.188 Thread 0x000000001769e800 nmethod 25119 0x0000000006befdd0 code [0x0000000006beff60, 0x0000000006bf02c8]
Event: 13024.191 Thread 0x000000001769e800 25120       2       org.gradle.internal.normalization.java.impl.AnnotationValue::<init> (11 bytes)
Event: 13024.191 Thread 0x000000001769e800 nmethod 25120 0x0000000006bf1d50 code [0x0000000006bf1ec0, 0x0000000006bf20e8]
Event: 13024.195 Thread 0x000000001769e800 25121       2       org.gradle.internal.normalization.java.impl.ApiMemberSelector::visitAnnotationValue (167 bytes)
Event: 13024.196 Thread 0x000000001769e800 nmethod 25121 0x0000000006b4cdd0 code [0x0000000006b4cfc0, 0x0000000006b4d588]

GC Heap History (10 events):
Event: 12608.338 GC heap before
{Heap before GC invocations=34 (full 4):
 PSYoungGen      total 257536K, used 255531K [0x00000000d5580000, 0x00000000eab80000, 0x0000000100000000)
  eden space 185344K, 100% used [0x00000000d5580000,0x00000000e0a80000,0x00000000e0a80000)
  from space 72192K, 97% used [0x00000000e1100000,0x00000000e558adc0,0x00000000e5780000)
  to   space 82432K, 0% used [0x00000000e5b00000,0x00000000e5b00000,0x00000000eab80000)
 ParOldGen       total 151040K, used 91917K [0x0000000080000000, 0x0000000089380000, 0x00000000d5580000)
  object space 151040K, 60% used [0x0000000080000000,0x00000000859c34f0,0x0000000089380000)
 Metaspace       used 109297K, capacity 118372K, committed 118604K, reserved 1153024K
  class space    used 14172K, capacity 15946K, committed 16000K, reserved 1048576K
Event: 12609.134 GC heap after
Heap after GC invocations=34 (full 4):
 PSYoungGen      total 267776K, used 66590K [0x00000000d5580000, 0x00000000eab80000, 0x0000000100000000)
  eden space 185344K, 0% used [0x00000000d5580000,0x00000000d5580000,0x00000000e0a80000)
  from space 82432K, 80% used [0x00000000e5b00000,0x00000000e9c07858,0x00000000eab80000)
  to   space 72192K, 0% used [0x00000000e1100000,0x00000000e1100000,0x00000000e5780000)
 ParOldGen       total 151040K, used 91925K [0x0000000080000000, 0x0000000089380000, 0x00000000d5580000)
  object space 151040K, 60% used [0x0000000080000000,0x00000000859c54f0,0x0000000089380000)
 Metaspace       used 109297K, capacity 118372K, committed 118604K, reserved 1153024K
  class space    used 14172K, capacity 15946K, committed 16000K, reserved 1048576K
}
Event: 12943.217 GC heap before
{Heap before GC invocations=35 (full 4):
 PSYoungGen      total 267776K, used 251934K [0x00000000d5580000, 0x00000000eab80000, 0x0000000100000000)
  eden space 185344K, 100% used [0x00000000d5580000,0x00000000e0a80000,0x00000000e0a80000)
  from space 82432K, 80% used [0x00000000e5b00000,0x00000000e9c07858,0x00000000eab80000)
  to   space 72192K, 0% used [0x00000000e1100000,0x00000000e1100000,0x00000000e5780000)
 ParOldGen       total 151040K, used 91925K [0x0000000080000000, 0x0000000089380000, 0x00000000d5580000)
  object space 151040K, 60% used [0x0000000080000000,0x00000000859c54f0,0x0000000089380000)
 Metaspace       used 113389K, capacity 122906K, committed 123084K, reserved 1155072K
  class space    used 14688K, capacity 16604K, committed 16640K, reserved 1048576K
Event: 12947.704 GC heap after
Heap after GC invocations=35 (full 4):
 PSYoungGen      total 264192K, used 68455K [0x00000000d5580000, 0x00000000edd00000, 0x0000000100000000)
  eden space 192000K, 0% used [0x00000000d5580000,0x00000000d5580000,0x00000000e1100000)
  from space 72192K, 94% used [0x00000000e1100000,0x00000000e53d9e90,0x00000000e5780000)
  to   space 95232K, 0% used [0x00000000e8000000,0x00000000e8000000,0x00000000edd00000)
 ParOldGen       total 151040K, used 91933K [0x0000000080000000, 0x0000000089380000, 0x00000000d5580000)
  object space 151040K, 60% used [0x0000000080000000,0x00000000859c74f0,0x0000000089380000)
 Metaspace       used 113389K, capacity 122906K, committed 123084K, reserved 1155072K
  class space    used 14688K, capacity 16604K, committed 16640K, reserved 1048576K
}
Event: 12969.828 GC heap before
{Heap before GC invocations=36 (full 4):
 PSYoungGen      total 264192K, used 260455K [0x00000000d5580000, 0x00000000edd00000, 0x0000000100000000)
  eden space 192000K, 100% used [0x00000000d5580000,0x00000000e1100000,0x00000000e1100000)
  from space 72192K, 94% used [0x00000000e1100000,0x00000000e53d9e90,0x00000000e5780000)
  to   space 95232K, 0% used [0x00000000e8000000,0x00000000e8000000,0x00000000edd00000)
 ParOldGen       total 151040K, used 91933K [0x0000000080000000, 0x0000000089380000, 0x00000000d5580000)
  object space 151040K, 60% used [0x0000000080000000,0x00000000859c74f0,0x0000000089380000)
 Metaspace       used 114004K, capacity 123604K, committed 123724K, reserved 1157120K
  class space    used 14765K, capacity 16699K, committed 16768K, reserved 1048576K
Event: 12970.161 GC heap after
Heap after GC invocations=36 (full 4):
 PSYoungGen      total 299008K, used 74717K [0x00000000d5580000, 0x00000000ef000000, 0x0000000100000000)
  eden space 203776K, 0% used [0x00000000d5580000,0x00000000d5580000,0x00000000e1c80000)
  from space 95232K, 78% used [0x00000000e8000000,0x00000000ec8f76d0,0x00000000edd00000)
  to   space 101888K, 0% used [0x00000000e1c80000,0x00000000e1c80000,0x00000000e8000000)
 ParOldGen       total 151040K, used 91941K [0x0000000080000000, 0x0000000089380000, 0x00000000d5580000)
  object space 151040K, 60% used [0x0000000080000000,0x00000000859c94f0,0x0000000089380000)
 Metaspace       used 114004K, capacity 123604K, committed 123724K, reserved 1157120K
  class space    used 14765K, capacity 16699K, committed 16768K, reserved 1048576K
}
Event: 12976.697 GC heap before
{Heap before GC invocations=37 (full 4):
 PSYoungGen      total 299008K, used 212198K [0x00000000d5580000, 0x00000000ef000000, 0x0000000100000000)
  eden space 203776K, 67% used [0x00000000d5580000,0x00000000ddbc2508,0x00000000e1c80000)
  from space 95232K, 78% used [0x00000000e8000000,0x00000000ec8f76d0,0x00000000edd00000)
  to   space 101888K, 0% used [0x00000000e1c80000,0x00000000e1c80000,0x00000000e8000000)
 ParOldGen       total 151040K, used 91941K [0x0000000080000000, 0x0000000089380000, 0x00000000d5580000)
  object space 151040K, 60% used [0x0000000080000000,0x00000000859c94f0,0x0000000089380000)
 Metaspace       used 115342K, capacity 124946K, committed 125260K, reserved 1157120K
  class space    used 14968K, capacity 16902K, committed 17024K, reserved 1048576K
Event: 12977.068 GC heap after
Heap after GC invocations=37 (full 4):
 PSYoungGen      total 305664K, used 75398K [0x00000000d5580000, 0x00000000efb00000, 0x0000000100000000)
  eden space 203776K, 0% used [0x00000000d5580000,0x00000000d5580000,0x00000000e1c80000)
  from space 101888K, 74% used [0x00000000e1c80000,0x00000000e6621848,0x00000000e8000000)
  to   space 107520K, 0% used [0x00000000e9200000,0x00000000e9200000,0x00000000efb00000)
 ParOldGen       total 151040K, used 91941K [0x0000000080000000, 0x0000000089380000, 0x00000000d5580000)
  object space 151040K, 60% used [0x0000000080000000,0x00000000859c94f0,0x0000000089380000)
 Metaspace       used 115342K, capacity 124946K, committed 125260K, reserved 1157120K
  class space    used 14968K, capacity 16902K, committed 17024K, reserved 1048576K
}
Event: 12977.069 GC heap before
{Heap before GC invocations=38 (full 5):
 PSYoungGen      total 305664K, used 75398K [0x00000000d5580000, 0x00000000efb00000, 0x0000000100000000)
  eden space 203776K, 0% used [0x00000000d5580000,0x00000000d5580000,0x00000000e1c80000)
  from space 101888K, 74% used [0x00000000e1c80000,0x00000000e6621848,0x00000000e8000000)
  to   space 107520K, 0% used [0x00000000e9200000,0x00000000e9200000,0x00000000efb00000)
 ParOldGen       total 151040K, used 91941K [0x0000000080000000, 0x0000000089380000, 0x00000000d5580000)
  object space 151040K, 60% used [0x0000000080000000,0x00000000859c94f0,0x0000000089380000)
 Metaspace       used 115342K, capacity 124946K, committed 125260K, reserved 1157120K
  class space    used 14968K, capacity 16902K, committed 17024K, reserved 1048576K
Event: 12980.456 GC heap after
Heap after GC invocations=38 (full 5):
 PSYoungGen      total 305664K, used 0K [0x00000000d5580000, 0x00000000efb00000, 0x0000000100000000)
  eden space 203776K, 0% used [0x00000000d5580000,0x00000000d5580000,0x00000000e1c80000)
  from space 101888K, 0% used [0x00000000e1c80000,0x00000000e1c80000,0x00000000e8000000)
  to   space 107520K, 0% used [0x00000000e9200000,0x00000000e9200000,0x00000000efb00000)
 ParOldGen       total 151040K, used 68389K [0x0000000080000000, 0x0000000089380000, 0x00000000d5580000)
  object space 151040K, 45% used [0x0000000080000000,0x00000000842c9698,0x0000000089380000)
 Metaspace       used 113848K, capacity 121830K, committed 125260K, reserved 1157120K
  class space    used 14585K, capacity 16056K, committed 17024K, reserved 1048576K
}

Deoptimization events (10 events):
Event: 13022.416 Thread 0x000000001ef97800 Uncommon trap: reason=bimorphic action=maybe_recompile pc=0x00000000057ff6e4 method=com.google.common.collect.ImmutableCollection.toArray([Ljava/lang/Object;)[Ljava/lang/Object; @ 27
Event: 13022.416 Thread 0x000000001ef97800 Uncommon trap: reason=bimorphic action=maybe_recompile pc=0x00000000057ff6e4 method=com.google.common.collect.ImmutableCollection.toArray([Ljava/lang/Object;)[Ljava/lang/Object; @ 27
Event: 13022.416 Thread 0x000000001ef97800 Uncommon trap: reason=bimorphic action=maybe_recompile pc=0x00000000057ff6e4 method=com.google.common.collect.ImmutableCollection.toArray([Ljava/lang/Object;)[Ljava/lang/Object; @ 27
Event: 13022.454 Thread 0x000000001ef97800 Uncommon trap: reason=unstable_if action=reinterpret pc=0x0000000004027b50 method=org.objectweb.asm.Type.getArgumentsAndReturnSizes(Ljava/lang/String;)I @ 25
Event: 13022.551 Thread 0x000000001ef97800 Uncommon trap: reason=unstable_if action=reinterpret pc=0x0000000006acf124 method=org.objectweb.asm.SymbolTable.addConstant(Ljava/lang/Object;)Lorg/objectweb/asm/Symbol; @ 126
Event: 13022.644 Thread 0x000000001ef97800 Uncommon trap: reason=unstable_if action=reinterpret pc=0x0000000006ac5d08 method=org.objectweb.asm.SymbolTable.addConstantIntegerOrFloat(II)Lorg/objectweb/asm/Symbol; @ 44
Event: 13023.069 Thread 0x000000001ef97800 Uncommon trap: reason=unstable_if action=reinterpret pc=0x0000000006b66ad0 method=org.objectweb.asm.ClassReader.readCode(Lorg/objectweb/asm/MethodVisitor;Lorg/objectweb/asm/Context;I)V @ 1700
Event: 13023.539 Thread 0x000000001ef97800 Uncommon trap: reason=unstable_if action=reinterpret pc=0x0000000003a73f28 method=org.objectweb.asm.ByteVector.putUTF8(Ljava/lang/String;)Lorg/objectweb/asm/ByteVector; @ 100
Event: 13023.539 Thread 0x000000001ef97800 Uncommon trap: reason=unstable_if action=reinterpret pc=0x0000000003a25910 method=org.objectweb.asm.ByteVector.putUTF8(Ljava/lang/String;)Lorg/objectweb/asm/ByteVector; @ 100
Event: 13024.151 Thread 0x000000001ef97800 Uncommon trap: reason=unstable_if action=reinterpret pc=0x0000000006c0801c method=org.objectweb.asm.ClassReader.readMethod(Lorg/objectweb/asm/ClassVisitor;Lorg/objectweb/asm/Context;I)I @ 316

Classes redefined (0 events):
No events

Internal exceptions (10 events):
Event: 13000.624 Thread 0x000000001ef97800 Exception <a 'java/lang/NoSuchMethodError': <clinit>> (0x00000000d57faec0) thrown at [C:\src\AOSP-openjdk-git\hotspot\src\share\vm\prims\jni.cpp, line 1615]
Event: 13000.634 Thread 0x000000001ef97800 Exception <a 'java/lang/NoSuchMethodError': <clinit>> (0x00000000d58ad570) thrown at [C:\src\AOSP-openjdk-git\hotspot\src\share\vm\prims\jni.cpp, line 1615]
Event: 13000.783 Thread 0x00000000190ae800 Implicit null exception at 0x0000000005ca0267 to 0x0000000005ca3f59
Event: 13002.573 Thread 0x000000001b9d5800 Exception <a 'java/net/ConnectException': Connection refused: connect> (0x00000000d570bfb8) thrown at [C:\src\AOSP-openjdk-git\hotspot\src\share\vm\prims\jni.cpp, line 737]
Event: 13004.589 Thread 0x000000001b9d5800 Exception <a 'java/net/ConnectException': Connection refused: connect> (0x00000000d570c8b0) thrown at [C:\src\AOSP-openjdk-git\hotspot\src\share\vm\prims\jni.cpp, line 737]
Event: 13018.654 Thread 0x000000001b9d5800 Exception <a 'java/net/ConnectException': Connection refused: connect> (0x00000000d570d700) thrown at [C:\src\AOSP-openjdk-git\hotspot\src\share\vm\prims\jni.cpp, line 737]
Event: 13020.686 Thread 0x000000001b9d5800 Exception <a 'java/net/ConnectException': Connection refused: connect> (0x00000000d570dff8) thrown at [C:\src\AOSP-openjdk-git\hotspot\src\share\vm\prims\jni.cpp, line 737]
Event: 13020.955 Thread 0x000000001f37c000 Implicit null exception at 0x0000000003cf57df to 0x0000000003cf6c29
Event: 13021.098 Thread 0x000000001ef97800 Implicit null exception at 0x00000000057f9ad8 to 0x00000000057fa441
Event: 13022.709 Thread 0x000000001b9d5800 Exception <a 'java/net/ConnectException': Connection refused: connect> (0x00000000d570e8f0) thrown at [C:\src\AOSP-openjdk-git\hotspot\src\share\vm\prims\jni.cpp, line 737]

Events (10 events):
Event: 13023.556 Thread 0x000000001ef97800 DEOPT UNPACKING pc=0x0000000002a671d0 sp=0x000000002fe0d108 mode 0
Event: 13023.686 Thread 0x000000001ef97800 DEOPT PACKING pc=0x0000000006bd035c sp=0x000000002fe0cfe0
Event: 13023.686 Thread 0x000000001ef97800 DEOPT UNPACKING pc=0x0000000002a671d0 sp=0x000000002fe0ced8 mode 0
Event: 13023.759 Thread 0x000000001ef97800 DEOPT PACKING pc=0x0000000006bd035c sp=0x000000002fe0cfe0
Event: 13023.759 Thread 0x000000001ef97800 DEOPT UNPACKING pc=0x0000000002a671d0 sp=0x000000002fe0ced8 mode 0
Event: 13023.948 Thread 0x000000001ef97800 DEOPT PACKING pc=0x0000000006bd035c sp=0x000000002fe0cfe0
Event: 13023.948 Thread 0x000000001ef97800 DEOPT UNPACKING pc=0x0000000002a671d0 sp=0x000000002fe0ced8 mode 0
Event: 13024.151 Thread 0x000000001ef97800 Uncommon trap: trap_request=0xffffff65 fr.pc=0x0000000006c0801c
Event: 13024.151 Thread 0x000000001ef97800 DEOPT PACKING pc=0x0000000006c0801c sp=0x000000002fe0d330
Event: 13024.151 Thread 0x000000001ef97800 DEOPT UNPACKING pc=0x0000000002a6557b sp=0x000000002fe0d2f0 mode 2


Dynamic libraries:
0x00007ff644090000 - 0x00007ff6440c1000 	C:\Program Files\Android\Android Studio\jre\bin\java.exe
0x00007ffd52440000 - 0x00007ffd52630000 	C:\WINDOWS\SYSTEM32\ntdll.dll
0x00007ffd50750000 - 0x00007ffd50802000 	C:\WINDOWS\System32\KERNEL32.DLL
0x00007ffd4f8e0000 - 0x00007ffd4fb85000 	C:\WINDOWS\System32\KERNELBASE.dll
0x00007ffd506a0000 - 0x00007ffd50743000 	C:\WINDOWS\System32\ADVAPI32.dll
0x00007ffd50f00000 - 0x00007ffd50f9e000 	C:\WINDOWS\System32\msvcrt.dll
0x00007ffd513d0000 - 0x00007ffd51467000 	C:\WINDOWS\System32\sechost.dll
0x00007ffd522e0000 - 0x00007ffd523ff000 	C:\WINDOWS\System32\RPCRT4.dll
0x00007ffd51e50000 - 0x00007ffd51fe4000 	C:\WINDOWS\System32\USER32.dll
0x00007ffd4f420000 - 0x00007ffd4f441000 	C:\WINDOWS\System32\win32u.dll
0x00007ffd522b0000 - 0x00007ffd522d6000 	C:\WINDOWS\System32\GDI32.dll
0x00007ffd4f5a0000 - 0x00007ffd4f738000 	C:\WINDOWS\System32\gdi32full.dll
0x00007ffd4f450000 - 0x00007ffd4f4ee000 	C:\WINDOWS\System32\msvcp_win.dll
0x00007ffd503f0000 - 0x00007ffd504ea000 	C:\WINDOWS\System32\ucrtbase.dll
0x00007ffd3d9a0000 - 0x00007ffd3dc24000 	C:\WINDOWS\WinSxS\amd64_microsoft.windows.common-controls_6595b64144ccf1df_6.0.18362.1316_none_9e7a364fe461dbd7\COMCTL32.dll
0x00007ffd51a40000 - 0x00007ffd51d77000 	C:\WINDOWS\System32\combase.dll
0x00007ffd4fbe0000 - 0x00007ffd4fc61000 	C:\WINDOWS\System32\bcryptPrimitives.dll
0x00007ffd52280000 - 0x00007ffd522ae000 	C:\WINDOWS\System32\IMM32.DLL
0x00000000548f0000 - 0x00000000549c2000 	C:\Program Files\Android\Android Studio\jre\jre\bin\msvcr100.dll
0x0000000053c30000 - 0x000000005447b000 	C:\Program Files\Android\Android Studio\jre\jre\bin\server\jvm.dll
0x00007ffd50fb0000 - 0x00007ffd50fb8000 	C:\WINDOWS\System32\PSAPI.DLL
0x00007ffd4d420000 - 0x00007ffd4d444000 	C:\WINDOWS\SYSTEM32\WINMM.dll
0x00007ffd37b40000 - 0x00007ffd37b49000 	C:\WINDOWS\SYSTEM32\WSOCK32.dll
0x00007ffd37c50000 - 0x00007ffd37c5a000 	C:\WINDOWS\SYSTEM32\VERSION.dll
0x00007ffd4d3f0000 - 0x00007ffd4d41d000 	C:\WINDOWS\SYSTEM32\WINMMBASE.dll
0x00007ffd4f890000 - 0x00007ffd4f8da000 	C:\WINDOWS\System32\cfgmgr32.dll
0x00007ffd519d0000 - 0x00007ffd51a3f000 	C:\WINDOWS\System32\WS2_32.dll
0x00007ffd4d4f0000 - 0x00007ffd4d4ff000 	C:\Program Files\Android\Android Studio\jre\jre\bin\verify.dll
0x00007ffd3edb0000 - 0x00007ffd3edd9000 	C:\Program Files\Android\Android Studio\jre\jre\bin\java.dll
0x00007ffd46f70000 - 0x00007ffd46f86000 	C:\Program Files\Android\Android Studio\jre\jre\bin\zip.dll
0x00007ffd50810000 - 0x00007ffd50ef8000 	C:\WINDOWS\System32\SHELL32.dll
0x00007ffd51170000 - 0x00007ffd51217000 	C:\WINDOWS\System32\shcore.dll
0x00007ffd4fc70000 - 0x00007ffd503eb000 	C:\WINDOWS\System32\windows.storage.dll
0x00007ffd4f340000 - 0x00007ffd4f363000 	C:\WINDOWS\System32\profapi.dll
0x00007ffd4f370000 - 0x00007ffd4f3ba000 	C:\WINDOWS\System32\powrprof.dll
0x00007ffd4f2f0000 - 0x00007ffd4f300000 	C:\WINDOWS\System32\UMPDC.dll
0x00007ffd51970000 - 0x00007ffd519c2000 	C:\WINDOWS\System32\shlwapi.dll
0x00007ffd4f320000 - 0x00007ffd4f331000 	C:\WINDOWS\System32\kernel.appcore.dll
0x00007ffd4fbc0000 - 0x00007ffd4fbd7000 	C:\WINDOWS\System32\cryptsp.dll
0x00007ffd3ed90000 - 0x00007ffd3edaa000 	C:\Program Files\Android\Android Studio\jre\jre\bin\net.dll
0x00007ffd4ead0000 - 0x00007ffd4eb37000 	C:\WINDOWS\system32\mswsock.dll
0x00007ffd3ed50000 - 0x00007ffd3ed63000 	C:\Program Files\Android\Android Studio\jre\jre\bin\nio.dll
0x00007ffd319d0000 - 0x00007ffd319f7000 	C:\Users\syota\.gradle\native\f6784746aeab05261644944871eae4fe03e0ef1612fff0a4a95f87b438bc6780\windows-amd64\native-platform.dll
0x00007ffd4d4e0000 - 0x00007ffd4d4ed000 	C:\Program Files\Android\Android Studio\jre\jre\bin\management.dll
0x00007ffd4e650000 - 0x00007ffd4e683000 	C:\WINDOWS\system32\rsaenh.dll
0x00007ffd4fb90000 - 0x00007ffd4fbb6000 	C:\WINDOWS\System32\bcrypt.dll
0x00007ffd4f1d0000 - 0x00007ffd4f1f5000 	C:\WINDOWS\SYSTEM32\USERENV.dll
0x00007ffd4eca0000 - 0x00007ffd4ecac000 	C:\WINDOWS\SYSTEM32\CRYPTBASE.dll
0x00007ffd4e7e0000 - 0x00007ffd4e81a000 	C:\WINDOWS\SYSTEM32\IPHLPAPI.DLL
0x00007ffd518e0000 - 0x00007ffd518e8000 	C:\WINDOWS\System32\NSI.dll
0x00007ffd3f7a0000 - 0x00007ffd3f7b6000 	C:\WINDOWS\SYSTEM32\dhcpcsvc6.DLL
0x00007ffd3f780000 - 0x00007ffd3f79c000 	C:\WINDOWS\SYSTEM32\dhcpcsvc.DLL
0x00007ffd4e820000 - 0x00007ffd4e8eb000 	C:\WINDOWS\SYSTEM32\DNSAPI.dll
0x00007ffd49b70000 - 0x00007ffd49b7b000 	C:\WINDOWS\SYSTEM32\WINNSI.DLL
0x00007ffd39590000 - 0x00007ffd395b4000 	C:\Program Files\Android\Android Studio\jre\jre\bin\sunec.dll
0x00007ffd436b0000 - 0x00007ffd436ba000 	C:\Windows\System32\rasadhlp.dll
0x00007ffd4e330000 - 0x00007ffd4e361000 	C:\WINDOWS\SYSTEM32\ntmarta.dll
0x00007ffd3ef30000 - 0x00007ffd3efa7000 	C:\WINDOWS\System32\fwpuclnt.dll
0x00007ffd4bc20000 - 0x00007ffd4bc2b000 	C:\Program Files\Android\Android Studio\jre\jre\bin\sunmscapi.dll
0x00007ffd4f740000 - 0x00007ffd4f88a000 	C:\WINDOWS\System32\CRYPT32.dll
0x00007ffd4f300000 - 0x00007ffd4f312000 	C:\WINDOWS\System32\MSASN1.dll
0x00007ffd46f90000 - 0x00007ffd46fae000 	C:\Users\syota\AppData\Local\Temp\native-platform8725414605969263604dir\native-platform.dll

VM Arguments:
jvm_args: -Xmx2048m -Dfile.encoding=UTF-8 -Duser.country=JP -Duser.language=ja -Duser.variant 
java_command: org.gradle.launcher.daemon.bootstrap.GradleDaemon 6.5
java_class_path (initial): C:\Users\syota\.gradle\wrapper\dists\gradle-6.5-bin\6nifqtx7604sqp1q6g8wikw7p\gradle-6.5\lib\gradle-launcher-6.5.jar
Launcher Type: SUN_STANDARD

Environment Variables:
JAVA_HOME=C:ÅèProgram FilesÅèjdk-15.0.1
PATH=C:\WINDOWS\system32;C:\WINDOWS;C:\WINDOWS\System32\Wbem;C:\WINDOWS\System32\WindowsPowerShell\v1.0\;C:\WINDOWS\System32\OpenSSH\;C:\Program Files\Git\cmd;C:\Ruby27-x64\bin;C:\Users\syota\AppData\Local\Microsoft\WindowsApps;;C:\Users\syota\AppData\Local\Programs\Microsoft VS Code\bin
USERNAME=syota
OS=Windows_NT
PROCESSOR_IDENTIFIER=Intel64 Family 6 Model 142 Stepping 9, GenuineIntel



---------------  S Y S T E M  ---------------

OS: Windows 10.0 , 64 bit Build 18362 (10.0.18362.1316)

CPU:total 4 (initial active 4) (2 cores per cpu, 2 threads per core) family 6 model 142 stepping 9, cmov, cx8, fxsr, mmx, sse, sse2, sse3, ssse3, sse4.1, sse4.2, popcnt, aes, clmul, erms, 3dnowpref, lzcnt, ht, tsc, tscinvbit

Memory: 4k page, physical 4075988k(244512k free), swap 11533264k(5800k free)

vm_info: OpenJDK 64-Bit Server VM (25.242-b01) for windows-amd64 JRE (1.8.0_242-release-1644-b01), built by "builder" with MS VC++ 10.0 (VS2010)

time: Thu Feb 25 20:23:48 2021
timezone: ìåãû (ïWèÄéû)
elapsed time: 13024 seconds (0d 3h 37m 4s)

