#
# There is insufficient memory for the Java Runtime Environment to continue.
# Native memory allocation (malloc) failed to allocate 1083616 bytes for Chunk::new
# Possible reasons:
#   The system is out of physical RAM or swap space
#   The process is running with CompressedOops enabled, and the Java Heap may be blocking the growth of the native heap
# Possible solutions:
#   Reduce memory load on the system
#   Increase physical memory or swap space
#   Check if swap backing store is full
#   Decrease Java heap size (-Xmx/-Xms)
#   Decrease number of Java threads
#   Decrease Java thread stack sizes (-Xss)
#   Set larger code cache with -XX:ReservedCodeCacheSize=
#   JVM is running with Unscaled Compressed Oops mode in which the Java heap is
#     placed in the first 4GB address space. The Java Heap base address is the
#     maximum limit for the native heap growth. Please use -XX:HeapBaseMinAddress
#     to set the Java Heap base and to place the Java Heap above 4GB virtual address.
# This output file may be truncated or incomplete.
#
#  Out of Memory Error (allocation.cpp:389), pid=11572, tid=0x0000000000003070
#
# JRE version: OpenJDK Runtime Environment (8.0_242-b01) (build 1.8.0_242-release-1644-b01)
# Java VM: OpenJDK 64-Bit Server VM (25.242-b01 mixed mode windows-amd64 compressed oops)
# Failed to write core dump. Minidumps are not enabled by default on client versions of Windows
#

---------------  T H R E A D  ---------------

Current thread (0x00000000176d9800):  JavaThread "C2 CompilerThread1" daemon [_thread_in_native, id=12400, stack(0x0000000018d70000,0x0000000018e70000)]

Stack: [0x0000000018d70000,0x0000000018e70000]
[error occurred during error reporting (printing stack bounds), id 0xc0000005]

Native frames: (J=compiled Java code, j=interpreted, Vv=VM code, C=native code)


Current CompileTask:
C2:6496026 24536       4       com.android.tools.r8.z.a.a.f::a (3630 bytes)


---------------  P R O C E S S  ---------------

Java Threads: ( => current thread )
  0x000000002c016000 JavaThread "Cache worker for Java compile cache (C:\Users\syota\AndroidStudioProjects\seihekijinrou\.gradle\6.5\javaCompile)" [_thread_blocked, id=4124, stack(0x000000001c6f0000,0x000000001c7f0000)]
  0x000000002c017000 JavaThread "RMI TCP Connection(idle)" daemon [_thread_blocked, id=5212, stack(0x0000000033220000,0x0000000033320000)]
  0x000000002c018800 JavaThread "RMI TCP Connection(idle)" daemon [_thread_blocked, id=9220, stack(0x0000000033620000,0x0000000033720000)]
  0x000000002c015800 JavaThread "WorkerExecutor Queue Thread 4" [_thread_blocked, id=9484, stack(0x0000000030990000,0x0000000030a90000)]
  0x000000002c00e000 JavaThread "WorkerExecutor Queue Thread 3" [_thread_blocked, id=11408, stack(0x0000000030430000,0x0000000030530000)]
  0x000000002c014000 JavaThread "stdout" [_thread_in_native, id=11952, stack(0x0000000030330000,0x0000000030430000)]
  0x000000002c013000 JavaThread "stderr" [_thread_in_native, id=13196, stack(0x0000000030230000,0x0000000030330000)]
  0x000000002c00e800 JavaThread "stdout" [_thread_in_native, id=6852, stack(0x0000000032d10000,0x0000000032e10000)]
  0x000000002c012800 JavaThread "stderr" [_thread_in_native, id=13788, stack(0x0000000030bd0000,0x0000000030cd0000)]
  0x000000002c011000 JavaThread "pool-11-thread-1" [_thread_blocked, id=12632, stack(0x0000000030ad0000,0x0000000030bd0000)]
  0x000000002c010000 JavaThread "WorkerExecutor Queue Thread 2" [_thread_in_vm, id=12972, stack(0x0000000030640000,0x0000000030740000)]
  0x000000002038a800 JavaThread "WorkerExecutor Queue" [_thread_in_native, id=12912, stack(0x0000000030540000,0x0000000030640000)]
  0x000000002038a000 JavaThread "Cache worker for execution history cache (C:\Users\syota\AndroidStudioProjects\seihekijinrou\.gradle\6.5\executionHistory)" [_thread_blocked, id=8312, stack(0x0000000030130000,0x0000000030230000)]
  0x0000000020390000 JavaThread "Execution worker for ':' Thread 3" [_thread_blocked, id=10848, stack(0x000000002fc30000,0x000000002fd30000)]
  0x0000000020389000 JavaThread "Execution worker for ':' Thread 2" [_thread_blocked, id=7708, stack(0x000000002e480000,0x000000002e580000)]
  0x0000000020388800 JavaThread "Execution worker for ':'" [_thread_blocked, id=13248, stack(0x000000002db60000,0x000000002dc60000)]
  0x000000002038b800 JavaThread "Cache worker for file content cache (C:\Users\syota\AndroidStudioProjects\seihekijinrou\.gradle\6.5\fileContent)" [_thread_blocked, id=13576, stack(0x000000002d860000,0x000000002d960000)]
  0x000000002038e800 JavaThread "pool-10-thread-1" [_thread_blocked, id=10884, stack(0x000000002d760000,0x000000002d860000)]
  0x0000000020381000 JavaThread "Cache worker for Build Output Cleanup Cache (C:\Users\syota\AndroidStudioProjects\seihekijinrou\.gradle\buildOutputCleanup)" [_thread_blocked, id=13688, stack(0x000000002d660000,0x000000002d760000)]
  0x000000001f260800 JavaThread "Build operations Thread 4" [_thread_blocked, id=10264, stack(0x0000000021cf0000,0x0000000021df0000)]
  0x000000001f259000 JavaThread "Build operations Thread 3" [_thread_blocked, id=11452, stack(0x0000000021bf0000,0x0000000021cf0000)]
  0x000000001f260000 JavaThread "Build operations Thread 2" [_thread_blocked, id=684, stack(0x00000000213f0000,0x00000000214f0000)]
  0x000000001f25c000 JavaThread "Build operations" [_thread_blocked, id=10496, stack(0x000000001f790000,0x000000001f890000)]
  0x000000001f25f000 JavaThread "Cache worker for cache directory md-rule (C:\Users\syota\.gradle\caches\6.5\md-rule)" [_thread_blocked, id=10408, stack(0x000000001f490000,0x000000001f590000)]
  0x000000001f25b800 JavaThread "Cache worker for cache directory md-supplier (C:\Users\syota\.gradle\caches\6.5\md-supplier)" [_thread_blocked, id=2912, stack(0x000000001ccf0000,0x000000001cdf0000)]
  0x000000001f25e800 JavaThread "Cache worker for checksums cache (C:\Users\syota\AndroidStudioProjects\seihekijinrou\.gradle\checksums)" [_thread_blocked, id=248, stack(0x000000001cbf0000,0x000000001ccf0000)]
  0x000000001f258800 JavaThread "Cache worker for file hash cache (C:\Users\syota\AndroidStudioProjects\seihekijinrou\.gradle\6.5\fileHashes)" [_thread_blocked, id=12764, stack(0x000000001caf0000,0x000000001cbf0000)]
  0x000000001f25d800 JavaThread "Thread-561" [_thread_blocked, id=11260, stack(0x000000001c9f0000,0x000000001caf0000)]
  0x0000000019206000 JavaThread "Asynchronous log dispatcher for DefaultDaemonConnection: socket connection from /127.0.0.1:55386 to /127.0.0.1:55617" [_thread_blocked, id=12848, stack(0x000000001c110000,0x000000001c210000)]
  0x0000000019204800 JavaThread "Cancel handler" [_thread_blocked, id=8308, stack(0x0000000000b80000,0x0000000000c80000)]
  0x0000000019201800 JavaThread "Handler for socket connection from /127.0.0.1:55386 to /127.0.0.1:55617" [_thread_in_native, id=3196, stack(0x0000000000a80000,0x0000000000b80000)]
  0x000000001ea6f000 JavaThread "Daemon worker Thread 4" [_thread_blocked, id=10732, stack(0x000000001c010000,0x000000001c110000)]
  0x000000001ea72000 JavaThread "Daemon Thread 4" [_thread_blocked, id=11188, stack(0x0000000000980000,0x0000000000a80000)]
  0x000000002038f000 JavaThread "Cache worker for Java compile cache (C:\Users\syota\.gradle\caches\6.5\javaCompile)" [_thread_blocked, id=13940, stack(0x000000002fb30000,0x000000002fc30000)]
  0x000000001deaf800 JavaThread "RMI Reaper" [_thread_blocked, id=11644, stack(0x000000002d260000,0x000000002d360000)]
  0x000000001dea9800 JavaThread "RMI TCP Accept-0" daemon [_thread_in_native, id=12840, stack(0x000000002d160000,0x000000002d260000)]
  0x000000001deb0000 JavaThread "GC Daemon" daemon [_thread_blocked, id=4184, stack(0x000000002d060000,0x000000002d160000)]
  0x000000001dea6800 JavaThread "RMI Scheduler(0)" daemon [_thread_blocked, id=11096, stack(0x000000002c830000,0x000000002c930000)]
  0x000000001a41f800 JavaThread "Memory manager" [_thread_blocked, id=884, stack(0x000000002a6d0000,0x000000002a7d0000)]
  0x0000000019201000 JavaThread "Cache worker for file content cache (C:\Users\syota\.gradle\caches\6.5\fileContent)" [_thread_blocked, id=7700, stack(0x00000000214f0000,0x00000000215f0000)]
  0x0000000019203000 JavaThread "Cache worker for execution history cache (C:\Users\syota\.gradle\caches\6.5\executionHistory)" [_thread_blocked, id=9500, stack(0x0000000020cf0000,0x0000000020df0000)]
  0x0000000019204000 JavaThread "Cache worker for file hash cache (C:\Users\syota\.gradle\caches\6.5\fileHashes)" [_thread_blocked, id=9156, stack(0x000000001d1f0000,0x000000001d2f0000)]
  0x0000000019202800 JavaThread "File lock request listener" [_thread_in_native, id=1756, stack(0x000000001d0f0000,0x000000001d1f0000)]
  0x000000001b24a000 JavaThread "Cache worker for journal cache (C:\Users\syota\.gradle\caches\journal-1)" [_thread_blocked, id=7948, stack(0x000000001cff0000,0x000000001d0f0000)]
  0x000000001af89800 JavaThread "Daemon periodic checks" [_thread_blocked, id=11880, stack(0x000000001c3f0000,0x000000001c4f0000)]
  0x000000001af6e800 JavaThread "Incoming local TCP Connector on port 55386" [_thread_in_native, id=13144, stack(0x000000001c210000,0x000000001c310000)]
  0x000000001a0b4000 JavaThread "Daemon health stats" [_thread_blocked, id=10060, stack(0x000000001bf10000,0x000000001c010000)]
  0x0000000018ee2800 JavaThread "Service Thread" daemon [_thread_blocked, id=8724, stack(0x0000000019370000,0x0000000019470000)]
  0x0000000018e70800 JavaThread "C1 CompilerThread2" daemon [_thread_blocked, id=5652, stack(0x0000000019270000,0x0000000019370000)]
=>0x00000000176d9800 JavaThread "C2 CompilerThread1" daemon [_thread_in_native, id=12400, stack(0x0000000018d70000,0x0000000018e70000)]
  0x00000000176d3000 JavaThread "C2 CompilerThread0" daemon [_thread_blocked, id=1840, stack(0x0000000018c70000,0x0000000018d70000)]
  0x000000001768d800 JavaThread "Attach Listener" daemon [_thread_blocked, id=13176, stack(0x0000000018b70000,0x0000000018c70000)]
  0x00000000176d2800 JavaThread "Signal Dispatcher" daemon [_thread_blocked, id=4256, stack(0x0000000018a70000,0x0000000018b70000)]
  0x0000000002a5c800 JavaThread "Finalizer" daemon [_thread_blocked, id=11364, stack(0x00000000188d0000,0x00000000189d0000)]
  0x0000000017669000 JavaThread "Reference Handler" daemon [_thread_blocked, id=11072, stack(0x00000000187d0000,0x00000000188d0000)]
  0x00000000024ad800 JavaThread "main" [_thread_blocked, id=6760, stack(0x00000000024b0000,0x00000000025b0000)]

Other Threads:
  0x0000000017646000 VMThread [stack: 0x00000000186d0000,0x00000000187d0000] [id=14316]
  0x0000000018ee3800 WatcherThread [stack: 0x0000000019470000,0x0000000019570000] [id=9900]

VM state:not at safepoint (normal execution)

VM Mutex/Monitor currently owned by a thread: None

heap address: 0x0000000080000000, size: 2048 MB, Compressed Oops mode: 32-bit
Narrow klass base: 0x0000000000000000, Narrow klass shift: 3
Compressed class space size: 1073741824 Address: 0x0000000100000000

Heap:
 PSYoungGen      total 483328K, used 135950K [0x00000000d5580000, 0x00000000fc280000, 0x0000000100000000)
  eden space 424448K, 25% used [0x00000000d5580000,0x00000000dbde3670,0x00000000ef400000)
  from space 58880K, 49% used [0x00000000ef400000,0x00000000f10601a0,0x00000000f2d80000)
  to   space 57856K, 0% used [0x00000000f8a00000,0x00000000f8a00000,0x00000000fc280000)
 ParOldGen       total 211968K, used 126402K [0x0000000080000000, 0x000000008cf00000, 0x00000000d5580000)
  object space 211968K, 59% used [0x0000000080000000,0x0000000087b70ac0,0x000000008cf00000)
 Metaspace       used 116257K, capacity 122392K, committed 122456K, reserved 1155072K
  class space    used 15059K, capacity 16231K, committed 16256K, reserved 1048576K

Card table byte_map: [0x0000000011e20000,0x0000000012230000] byte_map_base: 0x0000000011a20000

Marking Bits: (ParMarkBitMap*) 0x000000005d9af030
 Begin Bits: [0x00000000128e0000, 0x00000000148e0000)
 End Bits:   [0x00000000148e0000, 0x00000000168e0000)

Polling page: 0x0000000000e30000

CodeCache: size=245760Kb used=71612Kb max_used=71760Kb free=174147Kb
 bounds [0x0000000002a60000, 0x00000000070e0000, 0x0000000011a60000]
 total_blobs=20552 nmethods=19602 adapters=862
 compilation: enabled

Compilation events (10 events):
Event: 6495.438 Thread 0x0000000018e70800 nmethod 24557 0x00000000070b3810 code [0x00000000070b3960, 0x00000000070b3ab0]
Event: 6495.481 Thread 0x00000000176d3000 nmethod 24548 0x00000000070d2c90 code [0x00000000070d2e60, 0x00000000070d48b8]
Event: 6495.540 Thread 0x00000000176d3000 24551       4       java.util.TimSort::gallopLeft (335 bytes)
Event: 6495.562 Thread 0x00000000176d3000 nmethod 24551 0x0000000002d5d990 code [0x0000000002d5db00, 0x0000000002d5e118]
Event: 6495.631 Thread 0x00000000176d3000 24535       4       com.android.tools.r8.s.b.q1::b (11 bytes)
Event: 6495.633 Thread 0x00000000176d3000 nmethod 24535 0x0000000002ce1fd0 code [0x0000000002ce2120, 0x0000000002ce21d8]
Event: 6495.774 Thread 0x0000000018e70800 24558       3       com.android.tools.r8.t.a.a.a.h.w::<init> (5 bytes)
Event: 6495.775 Thread 0x0000000018e70800 nmethod 24558 0x0000000002b77750 code [0x0000000002b778c0, 0x0000000002b77ad0]
Event: 6495.819 Thread 0x0000000018e70800 24559       3       com.android.tools.r8.t.a.a.a.h.N$f::<init> (41 bytes)
Event: 6495.820 Thread 0x0000000018e70800 nmethod 24559 0x0000000002d5d550 code [0x0000000002d5d6c0, 0x0000000002d5d8b0]

GC Heap History (10 events):
Event: 6235.708 GC heap before
{Heap before GC invocations=23 (full 5):
 PSYoungGen      total 410112K, used 16151K [0x00000000d5580000, 0x00000000f2c80000, 0x0000000100000000)
  eden space 393728K, 0% used [0x00000000d5580000,0x00000000d5580000,0x00000000ed600000)
  from space 16384K, 98% used [0x00000000f1c80000,0x00000000f2c45ea0,0x00000000f2c80000)
  to   space 34816K, 0% used [0x00000000ee880000,0x00000000ee880000,0x00000000f0a80000)
 ParOldGen       total 78848K, used 70024K [0x0000000080000000, 0x0000000084d00000, 0x00000000d5580000)
  object space 78848K, 88% used [0x0000000080000000,0x00000000844623c8,0x0000000084d00000)
 Metaspace       used 108464K, capacity 113670K, committed 113880K, reserved 1148928K
  class space    used 14137K, capacity 15097K, committed 15104K, reserved 1048576K
Event: 6237.821 GC heap after
Heap after GC invocations=23 (full 5):
 PSYoungGen      total 410112K, used 0K [0x00000000d5580000, 0x00000000f2c80000, 0x0000000100000000)
  eden space 393728K, 0% used [0x00000000d5580000,0x00000000d5580000,0x00000000ed600000)
  from space 16384K, 0% used [0x00000000f1c80000,0x00000000f1c80000,0x00000000f2c80000)
  to   space 34816K, 0% used [0x00000000ee880000,0x00000000ee880000,0x00000000f0a80000)
 ParOldGen       total 126464K, used 66478K [0x0000000080000000, 0x0000000087b80000, 0x00000000d5580000)
  object space 126464K, 52% used [0x0000000080000000,0x00000000840ebaa0,0x0000000087b80000)
 Metaspace       used 108379K, capacity 113514K, committed 113880K, reserved 1148928K
  class space    used 14123K, capacity 15071K, committed 15104K, reserved 1048576K
}
Event: 6388.324 GC heap before
{Heap before GC invocations=24 (full 5):
 PSYoungGen      total 410112K, used 393728K [0x00000000d5580000, 0x00000000f2c80000, 0x0000000100000000)
  eden space 393728K, 100% used [0x00000000d5580000,0x00000000ed600000,0x00000000ed600000)
  from space 16384K, 0% used [0x00000000f1c80000,0x00000000f1c80000,0x00000000f2c80000)
  to   space 34816K, 0% used [0x00000000ee880000,0x00000000ee880000,0x00000000f0a80000)
 ParOldGen       total 126464K, used 66478K [0x0000000080000000, 0x0000000087b80000, 0x00000000d5580000)
  object space 126464K, 52% used [0x0000000080000000,0x00000000840ebaa0,0x0000000087b80000)
 Metaspace       used 113934K, capacity 119956K, committed 120280K, reserved 1153024K
  class space    used 14900K, capacity 16048K, committed 16128K, reserved 1048576K
Event: 6389.038 GC heap after
Heap after GC invocations=24 (full 5):
 PSYoungGen      total 447488K, used 16262K [0x00000000d5580000, 0x00000000f4e00000, 0x0000000100000000)
  eden space 412672K, 0% used [0x00000000d5580000,0x00000000d5580000,0x00000000ee880000)
  from space 34816K, 46% used [0x00000000ee880000,0x00000000ef8618f0,0x00000000f0a80000)
  to   space 33280K, 0% used [0x00000000f2d80000,0x00000000f2d80000,0x00000000f4e00000)
 ParOldGen       total 126464K, used 66486K [0x0000000080000000, 0x0000000087b80000, 0x00000000d5580000)
  object space 126464K, 52% used [0x0000000080000000,0x00000000840edaa0,0x0000000087b80000)
 Metaspace       used 113934K, capacity 119956K, committed 120280K, reserved 1153024K
  class space    used 14900K, capacity 16048K, committed 16128K, reserved 1048576K
}
Event: 6412.255 GC heap before
{Heap before GC invocations=25 (full 5):
 PSYoungGen      total 447488K, used 428934K [0x00000000d5580000, 0x00000000f4e00000, 0x0000000100000000)
  eden space 412672K, 100% used [0x00000000d5580000,0x00000000ee880000,0x00000000ee880000)
  from space 34816K, 46% used [0x00000000ee880000,0x00000000ef8618f0,0x00000000f0a80000)
  to   space 33280K, 0% used [0x00000000f2d80000,0x00000000f2d80000,0x00000000f4e00000)
 ParOldGen       total 126464K, used 66486K [0x0000000080000000, 0x0000000087b80000, 0x00000000d5580000)
  object space 126464K, 52% used [0x0000000080000000,0x00000000840edaa0,0x0000000087b80000)
 Metaspace       used 115368K, capacity 121528K, committed 121688K, reserved 1155072K
  class space    used 15038K, capacity 16206K, committed 16256K, reserved 1048576K
Event: 6414.258 GC heap after
Heap after GC invocations=25 (full 5):
 PSYoungGen      total 457728K, used 33264K [0x00000000d5580000, 0x00000000fbb80000, 0x0000000100000000)
  eden space 424448K, 0% used [0x00000000d5580000,0x00000000d5580000,0x00000000ef400000)
  from space 33280K, 99% used [0x00000000f2d80000,0x00000000f4dfc2b0,0x00000000f4e00000)
  to   space 58880K, 0% used [0x00000000ef400000,0x00000000ef400000,0x00000000f2d80000)
 ParOldGen       total 126464K, used 121958K [0x0000000080000000, 0x0000000087b80000, 0x00000000d5580000)
  object space 126464K, 96% used [0x0000000080000000,0x0000000087719820,0x0000000087b80000)
 Metaspace       used 115368K, capacity 121528K, committed 121688K, reserved 1155072K
  class space    used 15038K, capacity 16206K, committed 16256K, reserved 1048576K
}
Event: 6414.274 GC heap before
{Heap before GC invocations=26 (full 6):
 PSYoungGen      total 457728K, used 33264K [0x00000000d5580000, 0x00000000fbb80000, 0x0000000100000000)
  eden space 424448K, 0% used [0x00000000d5580000,0x00000000d5580000,0x00000000ef400000)
  from space 33280K, 99% used [0x00000000f2d80000,0x00000000f4dfc2b0,0x00000000f4e00000)
  to   space 58880K, 0% used [0x00000000ef400000,0x00000000ef400000,0x00000000f2d80000)
 ParOldGen       total 126464K, used 121958K [0x0000000080000000, 0x0000000087b80000, 0x00000000d5580000)
  object space 126464K, 96% used [0x0000000080000000,0x0000000087719820,0x0000000087b80000)
 Metaspace       used 115368K, capacity 121528K, committed 121688K, reserved 1155072K
  class space    used 15038K, capacity 16206K, committed 16256K, reserved 1048576K
Event: 6424.613 GC heap after
Heap after GC invocations=26 (full 6):
 PSYoungGen      total 457728K, used 8471K [0x00000000d5580000, 0x00000000fbb80000, 0x0000000100000000)
  eden space 424448K, 0% used [0x00000000d5580000,0x00000000d5580000,0x00000000ef400000)
  from space 33280K, 25% used [0x00000000f2d80000,0x00000000f35c5f88,0x00000000f4e00000)
  to   space 58880K, 0% used [0x00000000ef400000,0x00000000ef400000,0x00000000f2d80000)
 ParOldGen       total 211968K, used 126298K [0x0000000080000000, 0x000000008cf00000, 0x00000000d5580000)
  object space 211968K, 59% used [0x0000000080000000,0x0000000087b56ac0,0x000000008cf00000)
 Metaspace       used 115157K, capacity 121178K, committed 121688K, reserved 1155072K
  class space    used 15002K, capacity 16144K, committed 16256K, reserved 1048576K
}
Event: 6479.733 GC heap before
{Heap before GC invocations=27 (full 6):
 PSYoungGen      total 457728K, used 432919K [0x00000000d5580000, 0x00000000fbb80000, 0x0000000100000000)
  eden space 424448K, 100% used [0x00000000d5580000,0x00000000ef400000,0x00000000ef400000)
  from space 33280K, 25% used [0x00000000f2d80000,0x00000000f35c5f88,0x00000000f4e00000)
  to   space 58880K, 0% used [0x00000000ef400000,0x00000000ef400000,0x00000000f2d80000)
 ParOldGen       total 211968K, used 126298K [0x0000000080000000, 0x000000008cf00000, 0x00000000d5580000)
  object space 211968K, 59% used [0x0000000080000000,0x0000000087b56ac0,0x000000008cf00000)
 Metaspace       used 115975K, capacity 121980K, committed 122200K, reserved 1155072K
  class space    used 15031K, capacity 16191K, committed 16256K, reserved 1048576K
Event: 6483.979 GC heap after
Heap after GC invocations=27 (full 6):
 PSYoungGen      total 483328K, used 29056K [0x00000000d5580000, 0x00000000fc280000, 0x0000000100000000)
  eden space 424448K, 0% used [0x00000000d5580000,0x00000000d5580000,0x00000000ef400000)
  from space 58880K, 49% used [0x00000000ef400000,0x00000000f10601a0,0x00000000f2d80000)
  to   space 57856K, 0% used [0x00000000f8a00000,0x00000000f8a00000,0x00000000fc280000)
 ParOldGen       total 211968K, used 126402K [0x0000000080000000, 0x000000008cf00000, 0x00000000d5580000)
  object space 211968K, 59% used [0x0000000080000000,0x0000000087b70ac0,0x000000008cf00000)
 Metaspace       used 115975K, capacity 121980K, committed 122200K, reserved 1155072K
  class space    used 15031K, capacity 16191K, committed 16256K, reserved 1048576K
}

Deoptimization events (10 events):
Event: 6492.422 Thread 0x000000002038a800 Uncommon trap: reason=unstable_if action=reinterpret pc=0x0000000006f9c318 method=com.android.tools.r8.s.b.c0.Q2()Z @ 10
Event: 6494.073 Thread 0x000000002c015800 Uncommon trap: reason=array_check action=maybe_recompile pc=0x000000000700a94c method=java.util.TimSort.mergeLo(IIII)V @ 81
Event: 6494.073 Thread 0x000000002c015800 Uncommon trap: reason=array_check action=maybe_recompile pc=0x0000000007007d70 method=java.util.TimSort.mergeHi(IIII)V @ 250
Event: 6494.074 Thread 0x000000002c015800 Uncommon trap: reason=array_check action=maybe_recompile pc=0x000000000700a94c method=java.util.TimSort.mergeLo(IIII)V @ 81
Event: 6494.074 Thread 0x000000002c015800 Uncommon trap: reason=array_check action=maybe_recompile pc=0x000000000700a94c method=java.util.TimSort.mergeLo(IIII)V @ 81
Event: 6494.074 Thread 0x000000002c015800 Uncommon trap: reason=array_check action=maybe_recompile pc=0x000000000700a94c method=java.util.TimSort.mergeLo(IIII)V @ 81
Event: 6494.074 Thread 0x000000002c015800 Uncommon trap: reason=array_check action=maybe_recompile pc=0x0000000007008364 method=java.util.TimSort.mergeHi(IIII)V @ 171
Event: 6494.074 Thread 0x000000002c015800 Uncommon trap: reason=array_check action=maybe_recompile pc=0x0000000007007d70 method=java.util.TimSort.mergeHi(IIII)V @ 250
Event: 6494.114 Thread 0x000000002c015800 Uncommon trap: reason=unstable_if action=reinterpret pc=0x00000000068b6fb0 method=com.android.tools.r8.dex.r.c()Lcom/android/tools/r8/dex/r$a; @ 516
Event: 6494.812 Thread 0x000000002c00e000 Uncommon trap: reason=predicate action=maybe_recompile pc=0x000000000472fd98 method=java.util.TimSort.mergeLo(IIII)V @ 153

Classes redefined (0 events):
No events

Internal exceptions (10 events):
Event: 6495.154 Thread 0x000000002038a800 Exception <a 'sun/nio/fs/WindowsException'> (0x00000000db61ce38) thrown at [C:\src\AOSP-openjdk-git\hotspot\src\share\vm\prims\jni.cpp, line 710]
Event: 6495.182 Thread 0x000000002c010000 Exception <a 'sun/nio/fs/WindowsException'> (0x00000000db85f898) thrown at [C:\src\AOSP-openjdk-git\hotspot\src\share\vm\prims\jni.cpp, line 710]
Event: 6495.239 Thread 0x000000002038a800 Exception <a 'sun/nio/fs/WindowsException'> (0x00000000dba20498) thrown at [C:\src\AOSP-openjdk-git\hotspot\src\share\vm\prims\jni.cpp, line 710]
Event: 6495.415 Thread 0x000000002038a800 Exception <a 'sun/nio/fs/WindowsException'> (0x00000000dba27b00) thrown at [C:\src\AOSP-openjdk-git\hotspot\src\share\vm\prims\jni.cpp, line 710]
Event: 6495.511 Thread 0x000000002038a800 Exception <a 'sun/nio/fs/WindowsException'> (0x00000000dbc6de48) thrown at [C:\src\AOSP-openjdk-git\hotspot\src\share\vm\prims\jni.cpp, line 710]
Event: 6495.518 Thread 0x000000002038a800 Exception <a 'sun/nio/fs/WindowsException'> (0x00000000dbc752b0) thrown at [C:\src\AOSP-openjdk-git\hotspot\src\share\vm\prims\jni.cpp, line 710]
Event: 6495.561 Thread 0x000000002c010000 Exception <a 'sun/nio/fs/WindowsException'> (0x00000000dbcbf6d0) thrown at [C:\src\AOSP-openjdk-git\hotspot\src\share\vm\prims\jni.cpp, line 710]
Event: 6495.582 Thread 0x000000002038a800 Exception <a 'sun/nio/fs/WindowsException'> (0x00000000dbd0a7c8) thrown at [C:\src\AOSP-openjdk-git\hotspot\src\share\vm\prims\jni.cpp, line 710]
Event: 6495.778 Thread 0x000000002c010000 Exception <a 'sun/nio/fs/WindowsException'> (0x00000000dbd9a508) thrown at [C:\src\AOSP-openjdk-git\hotspot\src\share\vm\prims\jni.cpp, line 710]
Event: 6495.784 Thread 0x000000002038a800 Exception <a 'sun/nio/fs/WindowsException'> (0x00000000dbd14288) thrown at [C:\src\AOSP-openjdk-git\hotspot\src\share\vm\prims\jni.cpp, line 710]

Events (10 events):
Event: 6495.855 Thread 0x0000000018e70800 flushing nmethod 0x0000000003967610
Event: 6495.859 Thread 0x0000000018e70800 flushing nmethod 0x0000000003994290
Event: 6495.866 Thread 0x0000000018e70800 flushing nmethod 0x0000000003a11690
Event: 6495.868 Thread 0x0000000018e70800 flushing nmethod 0x0000000003a4a5d0
Event: 6495.868 Thread 0x0000000018e70800 flushing nmethod 0x0000000003a4ac90
Event: 6495.868 Thread 0x0000000018e70800 flushing nmethod 0x0000000003a4b0d0
Event: 6495.869 Thread 0x0000000018e70800 flushing nmethod 0x0000000003a4b450
Event: 6495.869 Thread 0x0000000018e70800 flushing nmethod 0x0000000003a4b910
Event: 6495.869 Thread 0x0000000018e70800 flushing nmethod 0x0000000003a4ca90
Event: 6495.870 Thread 0x0000000018e70800 flushing nmethod 0x0000000003a68510


Dynamic libraries:
0x00007ff60ccd0000 - 0x00007ff60cd01000 	C:\Program Files\Android\Android Studio\jre\bin\java.exe
0x00007ffab48a0000 - 0x00007ffab4a90000 	C:\WINDOWS\SYSTEM32\ntdll.dll
0x00007ffab46b0000 - 0x00007ffab4762000 	C:\WINDOWS\System32\KERNEL32.DLL
0x00007ffab1d50000 - 0x00007ffab1ff5000 	C:\WINDOWS\System32\KERNELBASE.dll
0x00007ffab31d0000 - 0x00007ffab3273000 	C:\WINDOWS\System32\ADVAPI32.dll
0x00007ffab37e0000 - 0x00007ffab387e000 	C:\WINDOWS\System32\msvcrt.dll
0x00007ffab35a0000 - 0x00007ffab3637000 	C:\WINDOWS\System32\sechost.dll
0x00007ffab2a20000 - 0x00007ffab2b3f000 	C:\WINDOWS\System32\RPCRT4.dll
0x00007ffab3640000 - 0x00007ffab37d4000 	C:\WINDOWS\System32\USER32.dll
0x00007ffab2920000 - 0x00007ffab2941000 	C:\WINDOWS\System32\win32u.dll
0x00007ffab4680000 - 0x00007ffab46a6000 	C:\WINDOWS\System32\GDI32.dll
0x00007ffab2000000 - 0x00007ffab2198000 	C:\WINDOWS\System32\gdi32full.dll
0x00007ffab1a70000 - 0x00007ffab1b0e000 	C:\WINDOWS\System32\msvcp_win.dll
0x00007ffab1970000 - 0x00007ffab1a6a000 	C:\WINDOWS\System32\ucrtbase.dll
0x00007ffaa27f0000 - 0x00007ffaa2a74000 	C:\WINDOWS\WinSxS\amd64_microsoft.windows.common-controls_6595b64144ccf1df_6.0.18362.1379_none_9e7ff3b3e45cc0c4\COMCTL32.dll
0x00007ffab2e80000 - 0x00007ffab31b7000 	C:\WINDOWS\System32\combase.dll
0x00007ffab1b30000 - 0x00007ffab1bb1000 	C:\WINDOWS\System32\bcryptPrimitives.dll
0x00007ffab4040000 - 0x00007ffab406e000 	C:\WINDOWS\System32\IMM32.DLL
0x000000005d020000 - 0x000000005d0f2000 	C:\Program Files\Android\Android Studio\jre\jre\bin\msvcr100.dll
0x000000005d1e0000 - 0x000000005da2b000 	C:\Program Files\Android\Android Studio\jre\jre\bin\server\jvm.dll
0x00007ffab3f80000 - 0x00007ffab3f88000 	C:\WINDOWS\System32\PSAPI.DLL
0x00007ffaa32c0000 - 0x00007ffaa32e4000 	C:\WINDOWS\SYSTEM32\WINMM.dll
0x00007ffa9a6e0000 - 0x00007ffa9a6ea000 	C:\WINDOWS\SYSTEM32\VERSION.dll
0x00007ffa9a6a0000 - 0x00007ffa9a6a9000 	C:\WINDOWS\SYSTEM32\WSOCK32.dll
0x00007ffaa3290000 - 0x00007ffaa32bd000 	C:\WINDOWS\SYSTEM32\WINMMBASE.dll
0x00007ffab47f0000 - 0x00007ffab485f000 	C:\WINDOWS\System32\WS2_32.dll
0x00007ffab1d00000 - 0x00007ffab1d4a000 	C:\WINDOWS\System32\cfgmgr32.dll
0x00007ffaac980000 - 0x00007ffaac98f000 	C:\Program Files\Android\Android Studio\jre\jre\bin\verify.dll
0x00007ffaabb10000 - 0x00007ffaabb39000 	C:\Program Files\Android\Android Studio\jre\jre\bin\java.dll
0x00007ffaabaf0000 - 0x00007ffaabb06000 	C:\Program Files\Android\Android Studio\jre\jre\bin\zip.dll
0x00007ffab3880000 - 0x00007ffab3f68000 	C:\WINDOWS\System32\SHELL32.dll
0x00007ffab3f90000 - 0x00007ffab4037000 	C:\WINDOWS\System32\shcore.dll
0x00007ffab21a0000 - 0x00007ffab291b000 	C:\WINDOWS\System32\windows.storage.dll
0x00007ffab17f0000 - 0x00007ffab1813000 	C:\WINDOWS\System32\profapi.dll
0x00007ffab1780000 - 0x00007ffab17ca000 	C:\WINDOWS\System32\powrprof.dll
0x00007ffab1750000 - 0x00007ffab1760000 	C:\WINDOWS\System32\UMPDC.dll
0x00007ffab2dc0000 - 0x00007ffab2e12000 	C:\WINDOWS\System32\shlwapi.dll
0x00007ffab1760000 - 0x00007ffab1771000 	C:\WINDOWS\System32\kernel.appcore.dll
0x00007ffab1b10000 - 0x00007ffab1b27000 	C:\WINDOWS\System32\cryptsp.dll
0x00007ffaabad0000 - 0x00007ffaabaea000 	C:\Program Files\Android\Android Studio\jre\jre\bin\net.dll
0x00007ffab0f30000 - 0x00007ffab0f97000 	C:\WINDOWS\system32\mswsock.dll
0x00007ffaabab0000 - 0x00007ffaabac3000 	C:\Program Files\Android\Android Studio\jre\jre\bin\nio.dll
0x00007ffa8e4f0000 - 0x00007ffa8e517000 	C:\Users\syota\.gradle\native\f6784746aeab05261644944871eae4fe03e0ef1612fff0a4a95f87b438bc6780\windows-amd64\native-platform.dll
0x00007ffaac970000 - 0x00007ffaac97d000 	C:\Program Files\Android\Android Studio\jre\jre\bin\management.dll
0x00007ffab0ab0000 - 0x00007ffab0ae3000 	C:\WINDOWS\system32\rsaenh.dll
0x00007ffab1cd0000 - 0x00007ffab1cf6000 	C:\WINDOWS\System32\bcrypt.dll
0x00007ffab1630000 - 0x00007ffab1655000 	C:\WINDOWS\SYSTEM32\USERENV.dll
0x00007ffab1100000 - 0x00007ffab110c000 	C:\WINDOWS\SYSTEM32\CRYPTBASE.dll
0x00007ffab0c40000 - 0x00007ffab0c7a000 	C:\WINDOWS\SYSTEM32\IPHLPAPI.DLL
0x00007ffab31c0000 - 0x00007ffab31c8000 	C:\WINDOWS\System32\NSI.dll
0x00007ffaa7430000 - 0x00007ffaa7446000 	C:\WINDOWS\SYSTEM32\dhcpcsvc6.DLL
0x00007ffaa73a0000 - 0x00007ffaa73bc000 	C:\WINDOWS\SYSTEM32\dhcpcsvc.DLL
0x00007ffab0c80000 - 0x00007ffab0d4b000 	C:\WINDOWS\SYSTEM32\DNSAPI.dll
0x00007ffaad230000 - 0x00007ffaad23b000 	C:\WINDOWS\SYSTEM32\WINNSI.DLL
0x00007ffaacc40000 - 0x00007ffaacc5e000 	C:\Users\syota\AppData\Local\Temp\native-platform2959219754537614756dir\native-platform.dll

VM Arguments:
jvm_args: -Xmx2048m -Dfile.encoding=UTF-8 -Duser.country=JP -Duser.language=ja -Duser.variant 
java_command: org.gradle.launcher.daemon.bootstrap.GradleDaemon 6.5
java_class_path (initial): C:\Users\syota\.gradle\wrapper\dists\gradle-6.5-bin\6nifqtx7604sqp1q6g8wikw7p\gradle-6.5\lib\gradle-launcher-6.5.jar
Launcher Type: SUN_STANDARD

Environment Variables:
JAVA_HOME=C:ÅèProgram FilesÅèjdk-15.0.1
PATH=C:\WINDOWS\system32;C:\WINDOWS;C:\WINDOWS\System32\Wbem;C:\WINDOWS\System32\WindowsPowerShell\v1.0\;C:\WINDOWS\System32\OpenSSH\;C:\Program Files\Git\cmd;C:\Ruby27-x64\bin;C:\Users\syota\AppData\Local\Microsoft\WindowsApps;;C:\Users\syota\AppData\Local\Programs\Microsoft VS Code\bin
USERNAME=syota
OS=Windows_NT
PROCESSOR_IDENTIFIER=Intel64 Family 6 Model 142 Stepping 9, GenuineIntel



---------------  S Y S T E M  ---------------

OS: Windows 10.0 , 64 bit Build 18362 (10.0.18362.1350)

CPU:total 4 (initial active 4) (2 cores per cpu, 2 threads per core) family 6 model 142 stepping 9, cmov, cx8, fxsr, mmx, sse, sse2, sse3, ssse3, sse4.1, sse4.2, popcnt, aes, clmul, erms, 3dnowpref, lzcnt, ht, tsc, tscinvbit

Memory: 4k page, physical 4075988k(217212k free), swap 11533264k(5772k free)

vm_info: OpenJDK 64-Bit Server VM (25.242-b01) for windows-amd64 JRE (1.8.0_242-release-1644-b01), built by "builder" with MS VC++ 10.0 (VS2010)

time: Tue Mar 02 00:25:26 2021
timezone: ìåãû (ïWèÄéû)
elapsed time: 6496 seconds (0d 1h 48m 16s)

