#
# There is insufficient memory for the Java Runtime Environment to continue.
# Native memory allocation (malloc) failed to allocate 1328976 bytes for Chunk::new
# Possible reasons:
#   The system is out of physical RAM or swap space
#   The process is running with CompressedOops enabled, and the Java Heap may be blocking the growth of the native heap
# Possible solutions:
#   Reduce memory load on the system
#   Increase physical memory or swap space
#   Check if swap backing store is full
#   Decrease Java heap size (-Xmx/-Xms)
#   Decrease number of Java threads
#   Decrease Java thread stack sizes (-Xss)
#   Set larger code cache with -XX:ReservedCodeCacheSize=
#   JVM is running with Unscaled Compressed Oops mode in which the Java heap is
#     placed in the first 4GB address space. The Java Heap base address is the
#     maximum limit for the native heap growth. Please use -XX:HeapBaseMinAddress
#     to set the Java Heap base and to place the Java Heap above 4GB virtual address.
# This output file may be truncated or incomplete.
#
#  Out of Memory Error (allocation.cpp:389), pid=10176, tid=0x0000000000001870
#
# JRE version: OpenJDK Runtime Environment (8.0_242-b01) (build 1.8.0_242-release-1644-b01)
# Java VM: OpenJDK 64-Bit Server VM (25.242-b01 mixed mode windows-amd64 compressed oops)
# Failed to write core dump. Minidumps are not enabled by default on client versions of Windows
#

---------------  T H R E A D  ---------------

Current thread (0x0000000015443000):  JavaThread "C2 CompilerThread0" daemon [_thread_in_native, id=6256, stack(0x0000000016950000,0x0000000016a50000)]

Stack: [0x0000000016950000,0x0000000016a50000]
[error occurred during error reporting (printing stack bounds), id 0xc0000005]

Native frames: (J=compiled Java code, j=interpreted, Vv=VM code, C=native code)


Current CompileTask:
C2:  30447 6533       4       org.jetbrains.kotlin.resolve.OverridingUtil::generateOverridesInFunctionGroup (123 bytes)


---------------  P R O C E S S  ---------------

Java Threads: ( => current thread )
  0x0000000016ba0800 JavaThread "Service Thread" daemon [_thread_blocked, id=11392, stack(0x0000000017050000,0x0000000017150000)]
  0x000000001544e000 JavaThread "C1 CompilerThread2" daemon [_thread_blocked, id=4188, stack(0x0000000016f50000,0x0000000017050000)]
  0x0000000015445000 JavaThread "C2 CompilerThread1" daemon [_thread_in_native, id=3068, stack(0x0000000016a50000,0x0000000016b50000)]
=>0x0000000015443000 JavaThread "C2 CompilerThread0" daemon [_thread_in_native, id=6256, stack(0x0000000016950000,0x0000000016a50000)]
  0x00000000153fe800 JavaThread "Attach Listener" daemon [_thread_blocked, id=2180, stack(0x0000000016850000,0x0000000016950000)]
  0x00000000153fd800 JavaThread "Signal Dispatcher" daemon [_thread_blocked, id=10480, stack(0x0000000016750000,0x0000000016850000)]
  0x0000000002e1b800 JavaThread "Finalizer" daemon [_thread_blocked, id=13328, stack(0x0000000016650000,0x0000000016750000)]
  0x00000000153d8800 JavaThread "Reference Handler" daemon [_thread_blocked, id=7344, stack(0x0000000016550000,0x0000000016650000)]
  0x00000000028ce000 JavaThread "main" [_thread_in_vm, id=11492, stack(0x0000000002c20000,0x0000000002d20000)]

Other Threads:
  0x00000000153b5800 VMThread [stack: 0x0000000016450000,0x0000000016550000] [id=9700]
  0x0000000016ba1000 WatcherThread [stack: 0x0000000017150000,0x0000000017250000] [id=7316]

VM state:not at safepoint (normal execution)

VM Mutex/Monitor currently owned by a thread: None

heap address: 0x00000000c1c00000, size: 996 MB, Compressed Oops mode: 32-bit
Narrow klass base: 0x0000000000000000, Narrow klass shift: 3
Compressed class space size: 1073741824 Address: 0x0000000100000000

Heap:
 PSYoungGen      total 94720K, used 56191K [0x00000000eb400000, 0x00000000f4480000, 0x0000000100000000)
  eden space 71168K, 45% used [0x00000000eb400000,0x00000000ed3e48c8,0x00000000ef980000)
  from space 23552K, 99% used [0x00000000ef980000,0x00000000f107b4e8,0x00000000f1080000)
  to   space 28672K, 0% used [0x00000000f2880000,0x00000000f2880000,0x00000000f4480000)
 ParOldGen       total 90624K, used 39717K [0x00000000c1c00000, 0x00000000c7480000, 0x00000000eb400000)
  object space 90624K, 43% used [0x00000000c1c00000,0x00000000c42c9720,0x00000000c7480000)
 Metaspace       used 48291K, capacity 49172K, committed 49536K, reserved 1093632K
  class space    used 5649K, capacity 5896K, committed 6016K, reserved 1048576K

Card table byte_map: [0x00000000121e0000,0x00000000123e0000] byte_map_base: 0x0000000011bd2000

Marking Bits: (ParMarkBitMap*) 0x0000000065fbf030
 Begin Bits: [0x0000000012930000, 0x00000000138c0000)
 End Bits:   [0x00000000138c0000, 0x0000000014850000)

Polling page: 0x00000000007a0000

CodeCache: size=245760Kb used=22114Kb max_used=22828Kb free=223645Kb
 bounds [0x0000000002e20000, 0x0000000004490000, 0x0000000011e20000]
 total_blobs=6396 nmethods=5886 adapters=422
 compilation: enabled

Compilation events (10 events):
Event: 30.154 Thread 0x000000001544e000 6811       2       org.jetbrains.kotlin.resolve.DescriptorUtils::isEnumEntry (17 bytes)
Event: 30.154 Thread 0x000000001544e000 nmethod 6811 0x0000000003e4bb90 code [0x0000000003e4bd00, 0x0000000003e4bf58]
Event: 30.386 Thread 0x000000001544e000 6812       2       org.jetbrains.kotlin.resolve.calls.components.ClassicTypeSystemContextForCS::asSimpleType (9 bytes)
Event: 30.387 Thread 0x000000001544e000 nmethod 6812 0x0000000003b93c50 code [0x0000000003b93dc0, 0x0000000003b93f28]
Event: 30.432 Thread 0x000000001544e000 6813       1       org.jetbrains.kotlin.resolve.calls.model.ResolvedAtom::getAnalyzed (5 bytes)
Event: 30.433 Thread 0x000000001544e000 nmethod 6813 0x0000000003b93990 code [0x0000000003b93ae0, 0x0000000003b93bf0]
Event: 30.434 Thread 0x000000001544e000 6814       2       org.jetbrains.kotlin.types.AbstractTypeConstructor$supertypes$1::invoke (5 bytes)
Event: 30.436 Thread 0x000000001544e000 nmethod 6814 0x000000000333a710 code [0x000000000333a8c0, 0x000000000333acd8]
Event: 30.436 Thread 0x000000001544e000 6815   !   2       org.jetbrains.kotlin.storage.LockBasedStorageManager$LockBasedLazyValueWithPostCompute::postCompute (34 bytes)
Event: 30.436 Thread 0x000000001544e000 nmethod 6815 0x00000000038b8050 code [0x00000000038b81c0, 0x00000000038b8468]

GC Heap History (10 events):
Event: 18.905 GC heap before
{Heap before GC invocations=9 (full 1):
 PSYoungGen      total 73728K, used 38228K [0x00000000eb400000, 0x00000000f1600000, 0x0000000100000000)
  eden space 57856K, 38% used [0x00000000eb400000,0x00000000ec9d9be0,0x00000000eec80000)
  from space 15872K, 99% used [0x00000000eec80000,0x00000000efbfb708,0x00000000efc00000)
  to   space 18944K, 0% used [0x00000000f0380000,0x00000000f0380000,0x00000000f1600000)
 ParOldGen       total 63488K, used 22455K [0x00000000c1c00000, 0x00000000c5a00000, 0x00000000eb400000)
  object space 63488K, 35% used [0x00000000c1c00000,0x00000000c31ede80,0x00000000c5a00000)
 Metaspace       used 34651K, capacity 35170K, committed 35416K, reserved 1081344K
  class space    used 4288K, capacity 4464K, committed 4480K, reserved 1048576K
Event: 18.930 GC heap after
Heap after GC invocations=9 (full 1):
 PSYoungGen      total 80384K, used 13999K [0x00000000eb400000, 0x00000000f2c00000, 0x0000000100000000)
  eden space 61440K, 0% used [0x00000000eb400000,0x00000000eb400000,0x00000000ef000000)
  from space 18944K, 73% used [0x00000000f0380000,0x00000000f112bd30,0x00000000f1600000)
  to   space 19968K, 0% used [0x00000000ef000000,0x00000000ef000000,0x00000000f0380000)
 ParOldGen       total 63488K, used 22463K [0x00000000c1c00000, 0x00000000c5a00000, 0x00000000eb400000)
  object space 63488K, 35% used [0x00000000c1c00000,0x00000000c31efe80,0x00000000c5a00000)
 Metaspace       used 34651K, capacity 35170K, committed 35416K, reserved 1081344K
  class space    used 4288K, capacity 4464K, committed 4480K, reserved 1048576K
}
Event: 18.930 GC heap before
{Heap before GC invocations=10 (full 2):
 PSYoungGen      total 80384K, used 13999K [0x00000000eb400000, 0x00000000f2c00000, 0x0000000100000000)
  eden space 61440K, 0% used [0x00000000eb400000,0x00000000eb400000,0x00000000ef000000)
  from space 18944K, 73% used [0x00000000f0380000,0x00000000f112bd30,0x00000000f1600000)
  to   space 19968K, 0% used [0x00000000ef000000,0x00000000ef000000,0x00000000f0380000)
 ParOldGen       total 63488K, used 22463K [0x00000000c1c00000, 0x00000000c5a00000, 0x00000000eb400000)
  object space 63488K, 35% used [0x00000000c1c00000,0x00000000c31efe80,0x00000000c5a00000)
 Metaspace       used 34651K, capacity 35170K, committed 35416K, reserved 1081344K
  class space    used 4288K, capacity 4464K, committed 4480K, reserved 1048576K
Event: 19.136 GC heap after
Heap after GC invocations=10 (full 2):
 PSYoungGen      total 80384K, used 0K [0x00000000eb400000, 0x00000000f2c00000, 0x0000000100000000)
  eden space 61440K, 0% used [0x00000000eb400000,0x00000000eb400000,0x00000000ef000000)
  from space 18944K, 0% used [0x00000000f0380000,0x00000000f0380000,0x00000000f1600000)
  to   space 19968K, 0% used [0x00000000ef000000,0x00000000ef000000,0x00000000f0380000)
 ParOldGen       total 90624K, used 33145K [0x00000000c1c00000, 0x00000000c7480000, 0x00000000eb400000)
  object space 90624K, 36% used [0x00000000c1c00000,0x00000000c3c5e4d8,0x00000000c7480000)
 Metaspace       used 34651K, capacity 35170K, committed 35416K, reserved 1081344K
  class space    used 4288K, capacity 4464K, committed 4480K, reserved 1048576K
}
Event: 22.026 GC heap before
{Heap before GC invocations=11 (full 2):
 PSYoungGen      total 80384K, used 61440K [0x00000000eb400000, 0x00000000f2c00000, 0x0000000100000000)
  eden space 61440K, 100% used [0x00000000eb400000,0x00000000ef000000,0x00000000ef000000)
  from space 18944K, 0% used [0x00000000f0380000,0x00000000f0380000,0x00000000f1600000)
  to   space 19968K, 0% used [0x00000000ef000000,0x00000000ef000000,0x00000000f0380000)
 ParOldGen       total 90624K, used 33145K [0x00000000c1c00000, 0x00000000c7480000, 0x00000000eb400000)
  object space 90624K, 36% used [0x00000000c1c00000,0x00000000c3c5e4d8,0x00000000c7480000)
 Metaspace       used 39925K, capacity 40540K, committed 40960K, reserved 1085440K
  class space    used 4848K, capacity 5026K, committed 5120K, reserved 1048576K
Event: 22.051 GC heap after
Heap after GC invocations=11 (full 2):
 PSYoungGen      total 81408K, used 13144K [0x00000000eb400000, 0x00000000f2400000, 0x0000000100000000)
  eden space 61440K, 0% used [0x00000000eb400000,0x00000000eb400000,0x00000000ef000000)
  from space 19968K, 65% used [0x00000000ef000000,0x00000000efcd60e8,0x00000000f0380000)
  to   space 19968K, 0% used [0x00000000f1080000,0x00000000f1080000,0x00000000f2400000)
 ParOldGen       total 90624K, used 33153K [0x00000000c1c00000, 0x00000000c7480000, 0x00000000eb400000)
  object space 90624K, 36% used [0x00000000c1c00000,0x00000000c3c604d8,0x00000000c7480000)
 Metaspace       used 39925K, capacity 40540K, committed 40960K, reserved 1085440K
  class space    used 4848K, capacity 5026K, committed 5120K, reserved 1048576K
}
Event: 26.282 GC heap before
{Heap before GC invocations=12 (full 2):
 PSYoungGen      total 81408K, used 74584K [0x00000000eb400000, 0x00000000f2400000, 0x0000000100000000)
  eden space 61440K, 100% used [0x00000000eb400000,0x00000000ef000000,0x00000000ef000000)
  from space 19968K, 65% used [0x00000000ef000000,0x00000000efcd60e8,0x00000000f0380000)
  to   space 19968K, 0% used [0x00000000f1080000,0x00000000f1080000,0x00000000f2400000)
 ParOldGen       total 90624K, used 33153K [0x00000000c1c00000, 0x00000000c7480000, 0x00000000eb400000)
  object space 90624K, 36% used [0x00000000c1c00000,0x00000000c3c604d8,0x00000000c7480000)
 Metaspace       used 45991K, capacity 46812K, committed 47232K, reserved 1091584K
  class space    used 5446K, capacity 5680K, committed 5760K, reserved 1048576K
Event: 26.332 GC heap after
Heap after GC invocations=12 (full 2):
 PSYoungGen      total 91136K, used 19953K [0x00000000eb400000, 0x00000000f2b00000, 0x0000000100000000)
  eden space 71168K, 0% used [0x00000000eb400000,0x00000000eb400000,0x00000000ef980000)
  from space 19968K, 99% used [0x00000000f1080000,0x00000000f23fc6f8,0x00000000f2400000)
  to   space 23552K, 0% used [0x00000000ef980000,0x00000000ef980000,0x00000000f1080000)
 ParOldGen       total 90624K, used 34909K [0x00000000c1c00000, 0x00000000c7480000, 0x00000000eb400000)
  object space 90624K, 38% used [0x00000000c1c00000,0x00000000c3e17638,0x00000000c7480000)
 Metaspace       used 45991K, capacity 46812K, committed 47232K, reserved 1091584K
  class space    used 5446K, capacity 5680K, committed 5760K, reserved 1048576K
}
Event: 29.206 GC heap before
{Heap before GC invocations=13 (full 2):
 PSYoungGen      total 91136K, used 91121K [0x00000000eb400000, 0x00000000f2b00000, 0x0000000100000000)
  eden space 71168K, 100% used [0x00000000eb400000,0x00000000ef980000,0x00000000ef980000)
  from space 19968K, 99% used [0x00000000f1080000,0x00000000f23fc6f8,0x00000000f2400000)
  to   space 23552K, 0% used [0x00000000ef980000,0x00000000ef980000,0x00000000f1080000)
 ParOldGen       total 90624K, used 34909K [0x00000000c1c00000, 0x00000000c7480000, 0x00000000eb400000)
  object space 90624K, 38% used [0x00000000c1c00000,0x00000000c3e17638,0x00000000c7480000)
 Metaspace       used 46856K, capacity 47714K, committed 48000K, reserved 1091584K
  class space    used 5476K, capacity 5721K, committed 5760K, reserved 1048576K
Event: 29.308 GC heap after
Heap after GC invocations=13 (full 2):
 PSYoungGen      total 94720K, used 23533K [0x00000000eb400000, 0x00000000f4480000, 0x0000000100000000)
  eden space 71168K, 0% used [0x00000000eb400000,0x00000000eb400000,0x00000000ef980000)
  from space 23552K, 99% used [0x00000000ef980000,0x00000000f107b4e8,0x00000000f1080000)
  to   space 28672K, 0% used [0x00000000f2880000,0x00000000f2880000,0x00000000f4480000)
 ParOldGen       total 90624K, used 39717K [0x00000000c1c00000, 0x00000000c7480000, 0x00000000eb400000)
  object space 90624K, 43% used [0x00000000c1c00000,0x00000000c42c9720,0x00000000c7480000)
 Metaspace       used 46856K, capacity 47714K, committed 48000K, reserved 1091584K
  class space    used 5476K, capacity 5721K, committed 5760K, reserved 1048576K
}

Deoptimization events (10 events):
Event: 30.041 Thread 0x00000000028ce000 Uncommon trap: reason=bimorphic action=maybe_recompile pc=0x00000000043b5738 method=org.jetbrains.kotlin.descriptors.impl.FunctionDescriptorImpl.initialize(Lorg/jetbrains/kotlin/descriptors/ReceiverParameterDescriptor;Lorg/jetbrains/kotlin/descriptors/Rec
Event: 30.042 Thread 0x00000000028ce000 Uncommon trap: reason=bimorphic action=maybe_recompile pc=0x00000000043b5738 method=org.jetbrains.kotlin.descriptors.impl.FunctionDescriptorImpl.initialize(Lorg/jetbrains/kotlin/descriptors/ReceiverParameterDescriptor;Lorg/jetbrains/kotlin/descriptors/Rec
Event: 30.045 Thread 0x00000000028ce000 Uncommon trap: reason=bimorphic action=maybe_recompile pc=0x00000000042ec0b0 method=org.jetbrains.kotlin.types.model.TypeSystemContext$DefaultImpls.lowerBoundIfFlexible(Lorg/jetbrains/kotlin/types/model/TypeSystemContext;Lorg/jetbrains/kotlin/types/model/
Event: 30.047 Thread 0x00000000028ce000 Uncommon trap: reason=bimorphic action=maybe_recompile pc=0x00000000042ec0b0 method=org.jetbrains.kotlin.types.model.TypeSystemContext$DefaultImpls.lowerBoundIfFlexible(Lorg/jetbrains/kotlin/types/model/TypeSystemContext;Lorg/jetbrains/kotlin/types/model/
Event: 30.047 Thread 0x00000000028ce000 Uncommon trap: reason=bimorphic action=maybe_recompile pc=0x00000000042ec0b0 method=org.jetbrains.kotlin.types.model.TypeSystemContext$DefaultImpls.lowerBoundIfFlexible(Lorg/jetbrains/kotlin/types/model/TypeSystemContext;Lorg/jetbrains/kotlin/types/model/
Event: 30.048 Thread 0x00000000028ce000 Uncommon trap: reason=bimorphic action=maybe_recompile pc=0x00000000042ec0b0 method=org.jetbrains.kotlin.types.model.TypeSystemContext$DefaultImpls.lowerBoundIfFlexible(Lorg/jetbrains/kotlin/types/model/TypeSystemContext;Lorg/jetbrains/kotlin/types/model/
Event: 30.049 Thread 0x00000000028ce000 Uncommon trap: reason=unstable_if action=reinterpret pc=0x00000000039cf85c method=java.util.ArrayDeque.addLast(Ljava/lang/Object;)V @ 45
Event: 30.050 Thread 0x00000000028ce000 Uncommon trap: reason=unstable_if action=reinterpret pc=0x00000000039dcc14 method=java.util.ArrayDeque.addLast(Ljava/lang/Object;)V @ 45
Event: 30.129 Thread 0x00000000028ce000 Uncommon trap: reason=unstable_if action=reinterpret pc=0x0000000003605cb8 method=java.util.HashMap.hash(Ljava/lang/Object;)I @ 1
Event: 30.129 Thread 0x00000000028ce000 Uncommon trap: reason=unstable_if action=reinterpret pc=0x00000000032e7d98 method=java.util.HashMap.hash(Ljava/lang/Object;)I @ 1

Classes redefined (0 events):
No events

Internal exceptions (10 events):
Event: 24.863 Thread 0x00000000028ce000 Exception <a 'java/lang/NoSuchMethodError': java.lang.Object.lambda$static$0()Lorg/jetbrains/kotlin/com/intellij/lang/ASTNode;> (0x00000000edcdddf8) thrown at [C:\src\AOSP-openjdk-git\hotspot\src\share\vm\interpreter\linkResolver.cpp, line 620]
Event: 24.863 Thread 0x00000000028ce000 Exception <a 'java/lang/NoSuchMethodError': java.lang.Object.lambda$static$1()Lorg/jetbrains/kotlin/com/intellij/lang/ASTNode;> (0x00000000edce0f20) thrown at [C:\src\AOSP-openjdk-git\hotspot\src\share\vm\interpreter\linkResolver.cpp, line 620]
Event: 24.864 Thread 0x00000000028ce000 Exception <a 'java/lang/NoSuchMethodError': java.lang.Object.lambda$static$2()Lorg/jetbrains/kotlin/com/intellij/lang/ASTNode;> (0x00000000edce3f40) thrown at [C:\src\AOSP-openjdk-git\hotspot\src\share\vm\interpreter\linkResolver.cpp, line 620]
Event: 24.865 Thread 0x00000000028ce000 Exception <a 'java/lang/NoSuchMethodError': java.lang.Object.lambda$static$3()Lorg/jetbrains/kotlin/com/intellij/lang/ASTNode;> (0x00000000edce6f58) thrown at [C:\src\AOSP-openjdk-git\hotspot\src\share\vm\interpreter\linkResolver.cpp, line 620]
Event: 24.953 Thread 0x00000000028ce000 Exception <a 'java/lang/NoSuchMethodError': java.lang.Object.lambda$static$0(I)[Lorg/jetbrains/kotlin/com/intellij/psi/PsiReference;> (0x00000000ede70768) thrown at [C:\src\AOSP-openjdk-git\hotspot\src\share\vm\interpreter\linkResolver.cpp, line 620]
Event: 24.995 Thread 0x00000000028ce000 Exception <a 'java/lang/NoSuchMethodError': java.lang.Object.lambda$static$0(I)[Lorg/jetbrains/kotlin/com/intellij/psi/PsiTypeElement;> (0x00000000edf21f30) thrown at [C:\src\AOSP-openjdk-git\hotspot\src\share\vm\interpreter\linkResolver.cpp, line 620]
Event: 25.047 Thread 0x00000000028ce000 Exception <a 'java/lang/NoSuchMethodError': java.lang.Object.lambda$static$0(I)[Lorg/jetbrains/kotlin/com/intellij/psi/PsiTypeParameter;> (0x00000000edffcd50) thrown at [C:\src\AOSP-openjdk-git\hotspot\src\share\vm\interpreter\linkResolver.cpp, line 620]
Event: 29.788 Thread 0x00000000028ce000 Implicit null exception at 0x000000000331eb98 to 0x000000000331f575
Event: 30.129 Thread 0x00000000028ce000 Implicit null exception at 0x0000000003604d29 to 0x0000000003605ca9
Event: 30.129 Thread 0x00000000028ce000 Implicit null exception at 0x00000000032e77bb to 0x00000000032e7d85

Events (10 events):
Event: 30.414 loading class org/jetbrains/kotlin/resolve/calls/inference/components/ResultTypeResolver$findSubType$1
Event: 30.414 loading class org/jetbrains/kotlin/resolve/calls/inference/components/ResultTypeResolver$findSubType$1 done
Event: 30.415 loading class org/jetbrains/kotlin/types/TypeApproximatorConfiguration$InternalTypesApproximation
Event: 30.415 loading class org/jetbrains/kotlin/types/TypeApproximatorConfiguration$InternalTypesApproximation done
Event: 30.419 loading class org/jetbrains/kotlin/resolve/calls/inference/model/FixVariableConstraintPositionImpl
Event: 30.419 loading class org/jetbrains/kotlin/resolve/calls/inference/model/FixVariableConstraintPositionImpl done
Event: 30.425 loading class org/jetbrains/kotlin/resolve/calls/inference/model/MutableVariableWithConstraints$WhenMappings
Event: 30.425 loading class org/jetbrains/kotlin/resolve/calls/inference/model/MutableVariableWithConstraints$WhenMappings done
Event: 30.430 loading class org/jetbrains/kotlin/resolve/calls/inference/components/ConstraintIncorporator$Context$DefaultImpls
Event: 30.430 loading class org/jetbrains/kotlin/resolve/calls/inference/components/ConstraintIncorporator$Context$DefaultImpls done


Dynamic libraries:
0x00007ff7092b0000 - 0x00007ff7092e1000 	C:\Program Files\Android\Android Studio\jre\jre\bin\java.exe
0x00007ffb2b220000 - 0x00007ffb2b410000 	C:\WINDOWS\SYSTEM32\ntdll.dll
0x00007ffb292d0000 - 0x00007ffb29382000 	C:\WINDOWS\System32\KERNEL32.DLL
0x00007ffb281b0000 - 0x00007ffb28455000 	C:\WINDOWS\System32\KERNELBASE.dll
0x00007ffb2a940000 - 0x00007ffb2a9e3000 	C:\WINDOWS\System32\ADVAPI32.dll
0x00007ffb2b0a0000 - 0x00007ffb2b13e000 	C:\WINDOWS\System32\msvcrt.dll
0x00007ffb2b140000 - 0x00007ffb2b1d7000 	C:\WINDOWS\System32\sechost.dll
0x00007ffb2a550000 - 0x00007ffb2a66f000 	C:\WINDOWS\System32\RPCRT4.dll
0x00007ffb29390000 - 0x00007ffb29524000 	C:\WINDOWS\System32\USER32.dll
0x00007ffb28d80000 - 0x00007ffb28da1000 	C:\WINDOWS\System32\win32u.dll
0x00007ffb29880000 - 0x00007ffb298a6000 	C:\WINDOWS\System32\GDI32.dll
0x00007ffb28460000 - 0x00007ffb285f8000 	C:\WINDOWS\System32\gdi32full.dll
0x00007ffb29020000 - 0x00007ffb290be000 	C:\WINDOWS\System32\msvcp_win.dll
0x00007ffb291d0000 - 0x00007ffb292ca000 	C:\WINDOWS\System32\ucrtbase.dll
0x00007ffb13a50000 - 0x00007ffb13cd4000 	C:\WINDOWS\WinSxS\amd64_microsoft.windows.common-controls_6595b64144ccf1df_6.0.18362.1440_none_9e7dbfb9e45e8e67\COMCTL32.dll
0x00007ffb2ad60000 - 0x00007ffb2b096000 	C:\WINDOWS\System32\combase.dll
0x00007ffb29140000 - 0x00007ffb291c1000 	C:\WINDOWS\System32\bcryptPrimitives.dll
0x00007ffb2a8a0000 - 0x00007ffb2a8ce000 	C:\WINDOWS\System32\IMM32.DLL
0x0000000065630000 - 0x0000000065702000 	C:\Program Files\Android\Android Studio\jre\jre\bin\msvcr100.dll
0x00000000657f0000 - 0x000000006603b000 	C:\Program Files\Android\Android Studio\jre\jre\bin\server\jvm.dll
0x00007ffb2a540000 - 0x00007ffb2a548000 	C:\WINDOWS\System32\PSAPI.DLL
0x00007ffb10580000 - 0x00007ffb10589000 	C:\WINDOWS\SYSTEM32\WSOCK32.dll
0x00007ffb2a8d0000 - 0x00007ffb2a93f000 	C:\WINDOWS\System32\WS2_32.dll
0x00007ffb25f00000 - 0x00007ffb25f24000 	C:\WINDOWS\SYSTEM32\WINMM.dll
0x00007ffb22b30000 - 0x00007ffb22b3a000 	C:\WINDOWS\SYSTEM32\VERSION.dll
0x00007ffb25ed0000 - 0x00007ffb25efd000 	C:\WINDOWS\SYSTEM32\WINMMBASE.dll
0x00007ffb290c0000 - 0x00007ffb2910a000 	C:\WINDOWS\System32\cfgmgr32.dll
0x00007ffb1bc10000 - 0x00007ffb1bc1f000 	C:\Program Files\Android\Android Studio\jre\jre\bin\verify.dll
0x00007ffb0ad50000 - 0x00007ffb0ad79000 	C:\Program Files\Android\Android Studio\jre\jre\bin\java.dll
0x00007ffb0e830000 - 0x00007ffb0e846000 	C:\Program Files\Android\Android Studio\jre\jre\bin\zip.dll
0x00007ffb298c0000 - 0x00007ffb29fa8000 	C:\WINDOWS\System32\SHELL32.dll
0x00007ffb2a420000 - 0x00007ffb2a4c7000 	C:\WINDOWS\System32\shcore.dll
0x00007ffb28600000 - 0x00007ffb28d7b000 	C:\WINDOWS\System32\windows.storage.dll
0x00007ffb28120000 - 0x00007ffb2813e000 	C:\WINDOWS\System32\profapi.dll
0x00007ffb28140000 - 0x00007ffb2818a000 	C:\WINDOWS\System32\powrprof.dll
0x00007ffb280d0000 - 0x00007ffb280e0000 	C:\WINDOWS\System32\UMPDC.dll
0x00007ffb2ad00000 - 0x00007ffb2ad52000 	C:\WINDOWS\System32\shlwapi.dll
0x00007ffb280e0000 - 0x00007ffb280f1000 	C:\WINDOWS\System32\kernel.appcore.dll
0x00007ffb28190000 - 0x00007ffb281a7000 	C:\WINDOWS\System32\cryptsp.dll
0x00007ffb0ad30000 - 0x00007ffb0ad4a000 	C:\Program Files\Android\Android Studio\jre\jre\bin\net.dll
0x00007ffb27910000 - 0x00007ffb27977000 	C:\WINDOWS\system32\mswsock.dll
0x00007ffb0a600000 - 0x00007ffb0a613000 	C:\Program Files\Android\Android Studio\jre\jre\bin\nio.dll

VM Arguments:
java_command: org.jetbrains.kotlin.cli.jvm.K2JVMCompiler @C:\Users\syota\AndroidStudioProjects\seihekijinrou\app\build\20210323_1648407790969048689.compiler.options
java_class_path (initial): C:\Users\syota\.gradle\caches\modules-2\files-2.1\org.jetbrains.kotlin\kotlin-compiler-embeddable\1.4.30\320bc62a2dfa19a24bc1613894ae0eabc909052c\kotlin-compiler-embeddable-1.4.30.jar;C:\Users\syota\.gradle\caches\modules-2\files-2.1\org.jetbrains.kotlin\kotlin-reflect\1.4.30\a9116fbe28a0514671787df95133f28e65fdac25\kotlin-reflect-1.4.30.jar;C:\Users\syota\.gradle\caches\modules-2\files-2.1\org.jetbrains.kotlin\kotlin-stdlib\1.4.30\d10d1e10f47006ee08162dde039e38ac487de4ac\kotlin-stdlib-1.4.30.jar;C:\Users\syota\.gradle\caches\modules-2\files-2.1\org.jetbrains.kotlin\kotlin-script-runtime\1.4.30\b9c2a1fab9217623fc0fbadf6190e77eed6f054d\kotlin-script-runtime-1.4.30.jar;C:\Users\syota\.gradle\caches\modules-2\files-2.1\org.jetbrains.kotlin\kotlin-daemon-embeddable\1.4.30\bc024798c5378570ded42ffe3db82ca8ac86dabc\kotlin-daemon-embeddable-1.4.30.jar;C:\Users\syota\.gradle\caches\modules-2\files-2.1\org.jetbrains.intellij.deps\trove4j\1.0.20181211\216c2e14b070f334479d800987affe4054cd563f\trove4j-1.0.20181211.jar;C:\Users\syota\.gradle\caches\modules-2\files-2.1\org.jetbrains.kotlin\kotlin-stdlib-common\1.4.30\bb9a3173350f55732416ee27956ea8f9b81f4dbb\kotlin-stdlib-common-1.4.30.jar;C:\Users\syota\.gradle\caches\modules-2\files-2.1\org.jetbrains\annotations\13.0\919f0dfe192fb4e063e7dacadee7f8bb9a2672a9\annotations-13.0.jar;C:\Program Files\Android\Android Studio\jre\lib\tools.jar
Launcher Type: SUN_STANDARD

Environment Variables:
JAVA_HOME=C:ÅèProgram FilesÅèjdk-15.0.1
PATH=C:\WINDOWS\system32;C:\WINDOWS;C:\WINDOWS\System32\Wbem;C:\WINDOWS\System32\WindowsPowerShell\v1.0\;C:\WINDOWS\System32\OpenSSH\;C:\Program Files\Git\cmd;C:\Ruby27-x64\bin;C:\Users\syota\AppData\Local\Microsoft\WindowsApps;;C:\Users\syota\AppData\Local\Programs\Microsoft VS Code\bin
USERNAME=syota
OS=Windows_NT
PROCESSOR_IDENTIFIER=Intel64 Family 6 Model 142 Stepping 9, GenuineIntel



---------------  S Y S T E M  ---------------

OS: Windows 10.0 , 64 bit Build 18362 (10.0.18362.1350)

CPU:total 4 (initial active 4) (2 cores per cpu, 2 threads per core) family 6 model 142 stepping 9, cmov, cx8, fxsr, mmx, sse, sse2, sse3, ssse3, sse4.1, sse4.2, popcnt, aes, clmul, erms, 3dnowpref, lzcnt, ht, tsc, tscinvbit

Memory: 4k page, physical 4075988k(236676k free), swap 11533264k(4560k free)

vm_info: OpenJDK 64-Bit Server VM (25.242-b01) for windows-amd64 JRE (1.8.0_242-release-1644-b01), built by "builder" with MS VC++ 10.0 (VS2010)

time: Tue Mar 23 00:56:57 2021
timezone: ìåãû (ïWèÄéû)
elapsed time: 30 seconds (0d 0h 0m 30s)

