#
# There is insufficient memory for the Java Runtime Environment to continue.
# Native memory allocation (malloc) failed to allocate 1049536 bytes for Chunk::new
# Possible reasons:
#   The system is out of physical RAM or swap space
#   The process is running with CompressedOops enabled, and the Java Heap may be blocking the growth of the native heap
# Possible solutions:
#   Reduce memory load on the system
#   Increase physical memory or swap space
#   Check if swap backing store is full
#   Decrease Java heap size (-Xmx/-Xms)
#   Decrease number of Java threads
#   Decrease Java thread stack sizes (-Xss)
#   Set larger code cache with -XX:ReservedCodeCacheSize=
#   JVM is running with Unscaled Compressed Oops mode in which the Java heap is
#     placed in the first 4GB address space. The Java Heap base address is the
#     maximum limit for the native heap growth. Please use -XX:HeapBaseMinAddress
#     to set the Java Heap base and to place the Java Heap above 4GB virtual address.
# This output file may be truncated or incomplete.
#
#  Out of Memory Error (allocation.cpp:389), pid=6412, tid=0x0000000000002a78
#
# JRE version: OpenJDK Runtime Environment (8.0_242-b01) (build 1.8.0_242-release-1644-b01)
# Java VM: OpenJDK 64-Bit Server VM (25.242-b01 mixed mode windows-amd64 compressed oops)
# Failed to write core dump. Minidumps are not enabled by default on client versions of Windows
#

---------------  T H R E A D  ---------------

Current thread (0x00000000181a2000):  JavaThread "C2 CompilerThread0" daemon [_thread_in_native, id=10872, stack(0x00000000196c0000,0x00000000197c0000)]

Stack: [0x00000000196c0000,0x00000000197c0000]
[error occurred during error reporting (printing stack bounds), id 0xc0000005]

Native frames: (J=compiled Java code, j=interpreted, Vv=VM code, C=native code)


Current CompileTask:
C2:11632378 28753   !   4       java.net.URL::<init> (543 bytes)


---------------  P R O C E S S  ---------------

Java Threads: ( => current thread )
  0x000000001ae0e800 JavaThread "Cache worker for execution history cache (C:\Users\syota\AndroidStudioProjects\seihekijinrou\.gradle\6.5\executionHistory)" [_thread_blocked, id=13648, stack(0x0000000030fb0000,0x00000000310b0000)]
  0x000000001ae0b000 JavaThread "Execution worker for ':' Thread 3" [_thread_blocked, id=13592, stack(0x0000000030c80000,0x0000000030d80000)]
  0x000000001ae0d800 JavaThread "Execution worker for ':' Thread 2" [_thread_blocked, id=12900, stack(0x0000000030940000,0x0000000030a40000)]
  0x000000001ae10800 JavaThread "Execution worker for ':'" [_thread_blocked, id=9616, stack(0x0000000030840000,0x0000000030940000)]
  0x000000001ae0c800 JavaThread "Cache worker for file content cache (C:\Users\syota\AndroidStudioProjects\seihekijinrou\.gradle\6.5\fileContent)" [_thread_blocked, id=8376, stack(0x0000000030740000,0x0000000030840000)]
  0x000000001e114800 JavaThread "pool-35-thread-1" [_thread_blocked, id=11232, stack(0x0000000030640000,0x0000000030740000)]
  0x000000001e10d000 JavaThread "Cache worker for Build Output Cleanup Cache (C:\Users\syota\AndroidStudioProjects\seihekijinrou\.gradle\buildOutputCleanup)" [_thread_blocked, id=12116, stack(0x0000000030540000,0x0000000030640000)]
  0x000000001e10f800 JavaThread "jar transforms Thread 2142" [_thread_blocked, id=13548, stack(0x0000000030440000,0x0000000030540000)]
  0x000000001e114000 JavaThread "jar transforms Thread 2141" [_thread_blocked, id=13884, stack(0x000000002ef70000,0x000000002f070000)]
  0x000000001e110000 JavaThread "jar transforms Thread 2140" [_thread_blocked, id=13820, stack(0x000000002ee70000,0x000000002ef70000)]
  0x000000001e10e800 JavaThread "jar transforms Thread 2139" [_thread_blocked, id=1752, stack(0x000000002eb50000,0x000000002ec50000)]
  0x000000001e111800 JavaThread "jar transforms Thread 2138" [_thread_blocked, id=8520, stack(0x000000002ea50000,0x000000002eb50000)]
  0x000000001e10e000 JavaThread "jar transforms Thread 2137" [_thread_blocked, id=2628, stack(0x000000002e750000,0x000000002e850000)]
  0x000000001e113000 JavaThread "jar transforms Thread 2136" [_thread_blocked, id=10704, stack(0x000000002e650000,0x000000002e750000)]
  0x000000001e112800 JavaThread "jar transforms Thread 2135" [_thread_blocked, id=4204, stack(0x000000002e550000,0x000000002e650000)]
  0x000000001e105800 JavaThread "jar transforms Thread 2134" [_thread_blocked, id=4944, stack(0x000000002e450000,0x000000002e550000)]
  0x000000001e107000 JavaThread "jar transforms Thread 2133" [_thread_blocked, id=5608, stack(0x000000002e350000,0x000000002e450000)]
  0x000000001e10b800 JavaThread "jar transforms Thread 2132" [_thread_blocked, id=6116, stack(0x000000002e250000,0x000000002e350000)]
  0x000000001e10b000 JavaThread "jar transforms Thread 2131" [_thread_blocked, id=13336, stack(0x000000002de50000,0x000000002df50000)]
  0x000000001e10c800 JavaThread "jar transforms Thread 2130" [_thread_blocked, id=13664, stack(0x000000002d350000,0x000000002d450000)]
  0x000000001e10a000 JavaThread "jar transforms Thread 2129" [_thread_blocked, id=3292, stack(0x000000002d250000,0x000000002d350000)]
  0x000000001e937800 JavaThread "jar transforms Thread 2128" [_thread_blocked, id=10204, stack(0x000000002d150000,0x000000002d250000)]
  0x000000001e936800 JavaThread "jar transforms Thread 2127" [_thread_blocked, id=4208, stack(0x000000002bfe0000,0x000000002c0e0000)]
  0x000000001e936000 JavaThread "jar transforms Thread 2126" [_thread_blocked, id=7180, stack(0x000000002b8e0000,0x000000002b9e0000)]
  0x000000001e935000 JavaThread "jar transforms Thread 2125" [_thread_blocked, id=104, stack(0x000000002a6e0000,0x000000002a7e0000)]
  0x000000001e934800 JavaThread "jar transforms Thread 2124" [_thread_blocked, id=7316, stack(0x000000002a5e0000,0x000000002a6e0000)]
  0x000000001e933800 JavaThread "jar transforms Thread 2123" [_thread_blocked, id=1420, stack(0x000000002a2e0000,0x000000002a3e0000)]
  0x000000001e933000 JavaThread "jar transforms Thread 2122" [_thread_blocked, id=4036, stack(0x000000002a1e0000,0x000000002a2e0000)]
  0x000000001e92b800 JavaThread "jar transforms Thread 2121" [_thread_blocked, id=8024, stack(0x000000002a0e0000,0x000000002a1e0000)]
  0x000000001e931800 JavaThread "jar transforms Thread 2120" [_thread_blocked, id=11964, stack(0x0000000029fe0000,0x000000002a0e0000)]
  0x000000001e930800 JavaThread "jar transforms Thread 2119" [_thread_blocked, id=2384, stack(0x0000000029ee0000,0x0000000029fe0000)]
  0x000000001e92d000 JavaThread "jar transforms Thread 2118" [_thread_blocked, id=8824, stack(0x0000000029de0000,0x0000000029ee0000)]
  0x000000001e92a000 JavaThread "jar transforms Thread 2117" [_thread_blocked, id=13628, stack(0x0000000029ce0000,0x0000000029de0000)]
  0x000000001e929000 JavaThread "jar transforms Thread 2116" [_thread_blocked, id=10552, stack(0x0000000029be0000,0x0000000029ce0000)]
  0x000000001e92a800 JavaThread "jar transforms Thread 2115" [_thread_blocked, id=6652, stack(0x0000000029ae0000,0x0000000029be0000)]
  0x000000001e92c000 JavaThread "jar transforms Thread 2114" [_thread_blocked, id=13828, stack(0x00000000299e0000,0x0000000029ae0000)]
  0x000000001e930000 JavaThread "jar transforms Thread 2113" [_thread_blocked, id=10016, stack(0x00000000298e0000,0x00000000299e0000)]
  0x000000001e92e800 JavaThread "jar transforms Thread 2112" [_thread_blocked, id=13800, stack(0x00000000297e0000,0x00000000298e0000)]
  0x000000001e92f000 JavaThread "jar transforms Thread 2111" [_thread_blocked, id=11024, stack(0x00000000296e0000,0x00000000297e0000)]
  0x000000002cf25800 JavaThread "jar transforms Thread 2110" [_thread_blocked, id=11288, stack(0x00000000295e0000,0x00000000296e0000)]
  0x000000002cf24800 JavaThread "jar transforms Thread 2109" [_thread_blocked, id=13252, stack(0x00000000294e0000,0x00000000295e0000)]
  0x000000002cf26000 JavaThread "jar transforms Thread 2108" [_thread_blocked, id=14264, stack(0x00000000293e0000,0x00000000294e0000)]
  0x000000002cf24000 JavaThread "jar transforms Thread 2107" [_thread_blocked, id=13232, stack(0x00000000292e0000,0x00000000293e0000)]
  0x000000002cf21800 JavaThread "jar transforms Thread 2106" [_thread_blocked, id=10604, stack(0x00000000291e0000,0x00000000292e0000)]
  0x000000002cf21000 JavaThread "jar transforms Thread 2105" [_thread_blocked, id=1352, stack(0x00000000290e0000,0x00000000291e0000)]
  0x000000002cf19000 JavaThread "jar transforms Thread 2104" [_thread_blocked, id=1348, stack(0x0000000028fe0000,0x00000000290e0000)]
  0x000000002cf20000 JavaThread "jar transforms Thread 2103" [_thread_blocked, id=5300, stack(0x0000000028ee0000,0x0000000028fe0000)]
  0x000000002cf1f000 JavaThread "jar transforms Thread 2102" [_thread_blocked, id=7048, stack(0x0000000028de0000,0x0000000028ee0000)]
  0x000000002cf17800 JavaThread "jar transforms Thread 2101" [_thread_blocked, id=13240, stack(0x0000000028ce0000,0x0000000028de0000)]
  0x000000002cf1e800 JavaThread "jar transforms Thread 2100" [_thread_blocked, id=12736, stack(0x0000000028be0000,0x0000000028ce0000)]
  0x000000002cf1d800 JavaThread "jar transforms Thread 2099" [_thread_blocked, id=4132, stack(0x0000000028ae0000,0x0000000028be0000)]
  0x000000002cf1d000 JavaThread "jar transforms Thread 2098" [_thread_blocked, id=10868, stack(0x00000000289e0000,0x0000000028ae0000)]
  0x000000002cf18800 JavaThread "jar transforms Thread 2097" [_thread_blocked, id=13740, stack(0x00000000288e0000,0x00000000289e0000)]
  0x000000002cf17000 JavaThread "jar transforms Thread 2096" [_thread_blocked, id=9248, stack(0x00000000287e0000,0x00000000288e0000)]
  0x000000002cf1b800 JavaThread "jar transforms Thread 2095" [_thread_blocked, id=7260, stack(0x00000000286e0000,0x00000000287e0000)]
  0x000000002cf1c000 JavaThread "jar transforms Thread 2094" [_thread_blocked, id=1956, stack(0x00000000285e0000,0x00000000286e0000)]
  0x000000002cf1a000 JavaThread "jar transforms Thread 2093" [_thread_blocked, id=8028, stack(0x00000000284e0000,0x00000000285e0000)]
  0x000000002cf1a800 JavaThread "jar transforms Thread 2092" [_thread_blocked, id=12144, stack(0x00000000283e0000,0x00000000284e0000)]
  0x000000001be0c800 JavaThread "jar transforms Thread 2091" [_thread_blocked, id=6172, stack(0x00000000282e0000,0x00000000283e0000)]
  0x000000001be0b000 JavaThread "jar transforms Thread 2090" [_thread_blocked, id=916, stack(0x00000000281e0000,0x00000000282e0000)]
  0x000000001be10000 JavaThread "jar transforms Thread 2089" [_thread_blocked, id=11664, stack(0x00000000280e0000,0x00000000281e0000)]
  0x000000001be0d000 JavaThread "jar transforms Thread 2088" [_thread_blocked, id=7184, stack(0x0000000027fe0000,0x00000000280e0000)]
  0x000000001be0a000 JavaThread "jar transforms Thread 2087" [_thread_blocked, id=14160, stack(0x0000000027ee0000,0x0000000027fe0000)]
  0x000000001be0f800 JavaThread "jar transforms Thread 2086" [_thread_blocked, id=5476, stack(0x0000000027de0000,0x0000000027ee0000)]
  0x000000001be0b800 JavaThread "jar transforms Thread 2085" [_thread_blocked, id=11776, stack(0x0000000027ce0000,0x0000000027de0000)]
  0x000000001be09800 JavaThread "jar transforms Thread 2084" [_thread_blocked, id=6356, stack(0x0000000027be0000,0x0000000027ce0000)]
  0x000000001be0e800 JavaThread "jar transforms Thread 2083" [_thread_blocked, id=7300, stack(0x0000000027ae0000,0x0000000027be0000)]
  0x000000001be03800 JavaThread "jar transforms Thread 2082" [_thread_blocked, id=10892, stack(0x00000000279e0000,0x0000000027ae0000)]
  0x000000001be02000 JavaThread "jar transforms Thread 2081" [_thread_blocked, id=10656, stack(0x00000000278e0000,0x00000000279e0000)]
  0x000000001be06800 JavaThread "jar transforms Thread 2080" [_thread_blocked, id=2744, stack(0x00000000277e0000,0x00000000278e0000)]
  0x000000001be08800 JavaThread "jar transforms Thread 2079" [_thread_blocked, id=10168, stack(0x00000000276e0000,0x00000000277e0000)]
  0x000000001be01000 JavaThread "jar transforms Thread 2078" [_thread_blocked, id=14048, stack(0x00000000275e0000,0x00000000276e0000)]
  0x000000001be07000 JavaThread "jar transforms Thread 2077" [_thread_blocked, id=14016, stack(0x00000000274e0000,0x00000000275e0000)]
  0x000000001be05000 JavaThread "jar transforms Thread 2076" [_thread_blocked, id=8412, stack(0x00000000273e0000,0x00000000274e0000)]
  0x000000001be04000 JavaThread "jar transforms Thread 2075" [_thread_blocked, id=13600, stack(0x00000000272e0000,0x00000000273e0000)]
  0x000000001be02800 JavaThread "jar transforms Thread 2074" [_thread_blocked, id=14032, stack(0x00000000271e0000,0x00000000272e0000)]
  0x000000001be08000 JavaThread "jar transforms Thread 2073" [_thread_blocked, id=3068, stack(0x00000000270e0000,0x00000000271e0000)]
  0x000000001fcd7000 JavaThread "jar transforms Thread 2072" [_thread_blocked, id=11532, stack(0x0000000026fe0000,0x00000000270e0000)]
  0x000000001fcd8800 JavaThread "jar transforms Thread 2071" [_thread_blocked, id=3880, stack(0x0000000026ee0000,0x0000000026fe0000)]
  0x000000001fcdb800 JavaThread "jar transforms Thread 2070" [_thread_blocked, id=14096, stack(0x0000000026de0000,0x0000000026ee0000)]
  0x000000001fcd9800 JavaThread "jar transforms Thread 2069" [_thread_blocked, id=8120, stack(0x0000000026ce0000,0x0000000026de0000)]
  0x000000001fcd6800 JavaThread "jar transforms Thread 2068" [_thread_blocked, id=4860, stack(0x0000000026be0000,0x0000000026ce0000)]
  0x000000001fcd8000 JavaThread "jar transforms Thread 2067" [_thread_blocked, id=3216, stack(0x0000000026ae0000,0x0000000026be0000)]
  0x000000001fcdc800 JavaThread "jar transforms Thread 2066" [_thread_blocked, id=9328, stack(0x00000000269e0000,0x0000000026ae0000)]
  0x000000001fcda000 JavaThread "jar transforms Thread 2065" [_thread_blocked, id=12692, stack(0x00000000268e0000,0x00000000269e0000)]
  0x000000001fcdb000 JavaThread "jar transforms Thread 2064" [_thread_blocked, id=7116, stack(0x00000000267e0000,0x00000000268e0000)]
  0x000000001fccf000 JavaThread "jar transforms Thread 2063" [_thread_blocked, id=12940, stack(0x00000000266e0000,0x00000000267e0000)]
  0x000000001fcd5800 JavaThread "jar transforms Thread 2062" [_thread_blocked, id=11892, stack(0x00000000262f0000,0x00000000263f0000)]
  0x000000001fcce000 JavaThread "jar transforms Thread 2061" [_thread_blocked, id=14052, stack(0x00000000261f0000,0x00000000262f0000)]
  0x000000001fcd5000 JavaThread "jar transforms Thread 2060" [_thread_blocked, id=2368, stack(0x00000000260f0000,0x00000000261f0000)]
  0x000000001fccd800 JavaThread "jar transforms Thread 2059" [_thread_blocked, id=2452, stack(0x0000000025ff0000,0x00000000260f0000)]
  0x000000001fcd4000 JavaThread "jar transforms Thread 2058" [_thread_blocked, id=5116, stack(0x0000000025ef0000,0x0000000025ff0000)]
  0x000000001fcd2000 JavaThread "jar transforms Thread 2057" [_thread_blocked, id=3756, stack(0x0000000025df0000,0x0000000025ef0000)]
  0x000000001fcd1000 JavaThread "jar transforms Thread 2056" [_thread_blocked, id=2548, stack(0x0000000025cf0000,0x0000000025df0000)]
  0x000000001fcd0800 JavaThread "jar transforms Thread 2055" [_thread_blocked, id=12828, stack(0x0000000025bf0000,0x0000000025cf0000)]
  0x000000001fcd3800 JavaThread "jar transforms Thread 2054" [_thread_blocked, id=13580, stack(0x0000000025af0000,0x0000000025bf0000)]
  0x000000001fccf800 JavaThread "jar transforms Thread 2053" [_thread_blocked, id=9976, stack(0x00000000259f0000,0x0000000025af0000)]
  0x000000001ebd5800 JavaThread "jar transforms Thread 2052" [_thread_blocked, id=13276, stack(0x00000000258f0000,0x00000000259f0000)]
  0x000000001ebd5000 JavaThread "jar transforms Thread 2051" [_thread_blocked, id=5760, stack(0x00000000257f0000,0x00000000258f0000)]
  0x000000001ebd3800 JavaThread "jar transforms Thread 2050" [_thread_blocked, id=10492, stack(0x00000000256f0000,0x00000000257f0000)]
  0x000000001ebd6800 JavaThread "jar transforms Thread 2049" [_thread_blocked, id=10376, stack(0x00000000255f0000,0x00000000256f0000)]
  0x000000001ebce000 JavaThread "jar transforms Thread 2048" [_thread_blocked, id=11000, stack(0x00000000254f0000,0x00000000255f0000)]
  0x000000001ebd4000 JavaThread "jar transforms Thread 2047" [_thread_blocked, id=13332, stack(0x00000000253f0000,0x00000000254f0000)]
  0x000000001ebd2800 JavaThread "jar transforms Thread 2046" [_thread_blocked, id=13624, stack(0x00000000252f0000,0x00000000253f0000)]
  0x000000001ebd2000 JavaThread "jar transforms Thread 2045" [_thread_blocked, id=3108, stack(0x00000000251f0000,0x00000000252f0000)]
  0x000000001ebd1000 JavaThread "jar transforms Thread 2044" [_thread_blocked, id=13516, stack(0x00000000250f0000,0x00000000251f0000)]
  0x000000001ebca800 JavaThread "jar transforms Thread 2043" [_thread_blocked, id=6496, stack(0x0000000024ff0000,0x00000000250f0000)]
  0x000000001ebc9800 JavaThread "jar transforms Thread 2042" [_thread_blocked, id=252, stack(0x0000000024ef0000,0x0000000024ff0000)]
  0x000000001ebcf000 JavaThread "jar transforms Thread 2041" [_thread_blocked, id=7548, stack(0x0000000024df0000,0x0000000024ef0000)]
  0x000000001ebd0800 JavaThread "jar transforms Thread 2040" [_thread_blocked, id=824, stack(0x0000000024cf0000,0x0000000024df0000)]
  0x000000001ebcf800 JavaThread "jar transforms Thread 2039" [_thread_blocked, id=10924, stack(0x0000000024bf0000,0x0000000024cf0000)]
  0x000000001ebcc000 JavaThread "jar transforms Thread 2038" [_thread_blocked, id=10096, stack(0x0000000024af0000,0x0000000024bf0000)]
  0x000000001ebcd800 JavaThread "jar transforms Thread 2037" [_thread_blocked, id=9396, stack(0x00000000249f0000,0x0000000024af0000)]
  0x000000001ebcc800 JavaThread "jar transforms Thread 2036" [_thread_blocked, id=14044, stack(0x00000000248f0000,0x00000000249f0000)]
  0x000000001ebcb000 JavaThread "jar transforms Thread 2035" [_thread_blocked, id=12480, stack(0x00000000247f0000,0x00000000248f0000)]
  0x000000001ebc2000 JavaThread "jar transforms Thread 2034" [_thread_blocked, id=4092, stack(0x00000000246f0000,0x00000000247f0000)]
  0x000000001ebc9000 JavaThread "jar transforms Thread 2033" [_thread_blocked, id=13412, stack(0x00000000245f0000,0x00000000246f0000)]
  0x000000001ebc1800 JavaThread "jar transforms Thread 2032" [_thread_blocked, id=13972, stack(0x00000000244f0000,0x00000000245f0000)]
  0x000000001ebc4800 JavaThread "jar transforms Thread 2031" [_thread_blocked, id=11704, stack(0x00000000243f0000,0x00000000244f0000)]
  0x000000001ebc8000 JavaThread "jar transforms Thread 2030" [_thread_blocked, id=10396, stack(0x00000000242f0000,0x00000000243f0000)]
  0x000000001ebc0800 JavaThread "jar transforms Thread 2029" [_thread_blocked, id=11340, stack(0x00000000241f0000,0x00000000242f0000)]
  0x000000001ebc7800 JavaThread "jar transforms Thread 2028" [_thread_blocked, id=14272, stack(0x00000000240f0000,0x00000000241f0000)]
  0x000000001ebc3800 JavaThread "jar transforms Thread 2027" [_thread_blocked, id=9316, stack(0x0000000023ff0000,0x00000000240f0000)]
  0x000000001ebc0000 JavaThread "jar transforms Thread 2026" [_thread_blocked, id=13296, stack(0x0000000023ef0000,0x0000000023ff0000)]
  0x000000001ebc6800 JavaThread "jar transforms Thread 2025" [_thread_blocked, id=9192, stack(0x0000000023df0000,0x0000000023ef0000)]
  0x000000001ebc6000 JavaThread "jar transforms Thread 2024" [_thread_blocked, id=6324, stack(0x0000000023ae0000,0x0000000023be0000)]
  0x000000001ebc3000 JavaThread "Build operations Thread 4" [_thread_blocked, id=7480, stack(0x0000000022ee0000,0x0000000022fe0000)]
  0x000000001ebbf000 JavaThread "Build operations Thread 3" [_thread_blocked, id=9860, stack(0x00000000229e0000,0x0000000022ae0000)]
  0x000000001ebc5000 JavaThread "Build operations Thread 2" [_thread_blocked, id=2284, stack(0x00000000226e0000,0x00000000227e0000)]
  0x000000001ebb7800 JavaThread "Build operations" [_thread_blocked, id=6608, stack(0x0000000021c70000,0x0000000021d70000)]
  0x000000001ebbc000 JavaThread "Cache worker for cache directory md-rule (C:\Users\syota\.gradle\caches\6.5\md-rule)" [_thread_blocked, id=6508, stack(0x0000000021670000,0x0000000021770000)]
  0x000000001ebbe800 JavaThread "Cache worker for cache directory md-supplier (C:\Users\syota\.gradle\caches\6.5\md-supplier)" [_thread_blocked, id=12616, stack(0x0000000021570000,0x0000000021670000)]
  0x000000001ebbb800 JavaThread "Cache worker for checksums cache (C:\Users\syota\AndroidStudioProjects\seihekijinrou\.gradle\checksums)" [_thread_blocked, id=9464, stack(0x0000000020200000,0x0000000020300000)]
  0x000000001ebba800 JavaThread "Cache worker for file hash cache (C:\Users\syota\AndroidStudioProjects\seihekijinrou\.gradle\6.5\fileHashes)" [_thread_blocked, id=6180, stack(0x0000000020100000,0x0000000020200000)]
  0x000000001ebbd000 JavaThread "Thread-2470" [_thread_blocked, id=6828, stack(0x000000001d560000,0x000000001d660000)]
  0x000000001ebbd800 JavaThread "Stdin handler" [_thread_blocked, id=5040, stack(0x000000001d460000,0x000000001d560000)]
  0x000000001b37e000 JavaThread "Asynchronous log dispatcher for DefaultDaemonConnection: socket connection from /127.0.0.1:61179 to /127.0.0.1:49203" [_thread_blocked, id=7092, stack(0x000000001d360000,0x000000001d460000)]
  0x000000001b380000 JavaThread "Daemon worker Thread 18" [_thread_in_vm, id=9220, stack(0x000000001d260000,0x000000001d360000)]
  0x000000001b37c800 JavaThread "Cancel handler" [_thread_blocked, id=8020, stack(0x000000001d160000,0x000000001d260000)]
  0x000000001b37b800 JavaThread "Handler for socket connection from /127.0.0.1:61179 to /127.0.0.1:49203" [_thread_in_native, id=11324, stack(0x000000001cb80000,0x000000001cc80000)]
  0x000000001b37e800 JavaThread "Daemon Thread 18" [_thread_blocked, id=12200, stack(0x000000001ca80000,0x000000001cb80000)]
  0x000000001ebb8800 JavaThread "MarlinRenderer Disposer" daemon [_thread_blocked, id=7068, stack(0x0000000030eb0000,0x0000000030fb0000)]
  0x000000002cf22800 JavaThread "Java2D Disposer" daemon [_thread_blocked, id=2656, stack(0x0000000030d80000,0x0000000030e80000)]
  0x000000001e304800 JavaThread "Cache worker for Java compile cache (C:\Users\syota\.gradle\caches\6.5\javaCompile)" [_thread_blocked, id=12076, stack(0x00000000014a0000,0x00000000015a0000)]
  0x000000001e306800 JavaThread "RMI Reaper" [_thread_blocked, id=2252, stack(0x000000002e150000,0x000000002e250000)]
  0x000000001e303000 JavaThread "RMI TCP Accept-0" daemon [_thread_in_native, id=12308, stack(0x000000002e050000,0x000000002e150000)]
  0x000000001e301800 JavaThread "GC Daemon" daemon [_thread_blocked, id=8280, stack(0x000000002df50000,0x000000002e050000)]
  0x000000001e306000 JavaThread "RMI Scheduler(0)" daemon [_thread_blocked, id=13792, stack(0x000000002dc50000,0x000000002dd50000)]
  0x000000001e2ff000 JavaThread "Memory manager" [_thread_blocked, id=10368, stack(0x000000002b7e0000,0x000000002b8e0000)]
  0x000000001b381000 JavaThread "Cache worker for file content cache (C:\Users\syota\.gradle\caches\6.5\fileContent)" [_thread_blocked, id=11120, stack(0x0000000021fe0000,0x00000000220e0000)]
  0x000000001b37f800 JavaThread "Cache worker for execution history cache (C:\Users\syota\.gradle\caches\6.5\executionHistory)" [_thread_blocked, id=13652, stack(0x0000000021770000,0x0000000021870000)]
  0x000000001b37d000 JavaThread "Cache worker for file hash cache (C:\Users\syota\.gradle\caches\6.5\fileHashes)" [_thread_blocked, id=7492, stack(0x000000001dc60000,0x000000001dd60000)]
  0x000000001b37b000 JavaThread "File lock request listener" [_thread_in_native, id=11660, stack(0x000000001db60000,0x000000001dc60000)]
  0x000000001a486000 JavaThread "Cache worker for journal cache (C:\Users\syota\.gradle\caches\journal-1)" [_thread_blocked, id=12196, stack(0x000000001da60000,0x000000001db60000)]
  0x0000000019a27000 JavaThread "Daemon periodic checks" [_thread_blocked, id=10680, stack(0x000000001ce60000,0x000000001cf60000)]
  0x0000000019a26000 JavaThread "Incoming local TCP Connector on port 61179" [_thread_in_native, id=8864, stack(0x000000001cc80000,0x000000001cd80000)]
  0x000000001b6df800 JavaThread "Daemon health stats" [_thread_blocked, id=4888, stack(0x000000001c960000,0x000000001ca60000)]
  0x0000000019941800 JavaThread "Service Thread" daemon [_thread_blocked, id=13712, stack(0x0000000019dc0000,0x0000000019ec0000)]
  0x00000000181ae800 JavaThread "C1 CompilerThread2" daemon [_thread_blocked, id=9548, stack(0x0000000019cc0000,0x0000000019dc0000)]
  0x00000000181a7000 JavaThread "C2 CompilerThread1" daemon [_thread_blocked, id=6220, stack(0x00000000197c0000,0x00000000198c0000)]
=>0x00000000181a2000 JavaThread "C2 CompilerThread0" daemon [_thread_in_native, id=10872, stack(0x00000000196c0000,0x00000000197c0000)]
  0x000000001815e000 JavaThread "Attach Listener" daemon [_thread_blocked, id=932, stack(0x00000000195c0000,0x00000000196c0000)]
  0x000000001815c800 JavaThread "Signal Dispatcher" daemon [_thread_blocked, id=11644, stack(0x00000000194c0000,0x00000000195c0000)]
  0x000000000352b000 JavaThread "Finalizer" daemon [_thread_blocked, id=13544, stack(0x00000000193b0000,0x00000000194b0000)]
  0x0000000018139000 JavaThread "Reference Handler" daemon [_thread_blocked, id=6004, stack(0x00000000192b0000,0x00000000193b0000)]
  0x000000000342d800 JavaThread "main" [_thread_blocked, id=14188, stack(0x0000000003280000,0x0000000003380000)]

Other Threads:
  0x0000000018116000 VMThread [stack: 0x00000000191b0000,0x00000000192b0000] [id=14028]
  0x00000000198ed000 WatcherThread [stack: 0x0000000019ec0000,0x0000000019fc0000] [id=2648]

VM state:not at safepoint (normal execution)

VM Mutex/Monitor currently owned by a thread: None

heap address: 0x0000000080000000, size: 2048 MB, Compressed Oops mode: 32-bit
Narrow klass base: 0x0000000000000000, Narrow klass shift: 3
Compressed class space size: 1073741824 Address: 0x0000000100000000

Heap:
 PSYoungGen      total 369664K, used 124687K [0x00000000d5580000, 0x00000000ee680000, 0x0000000100000000)
  eden space 330752K, 37% used [0x00000000d5580000,0x00000000dcf43f30,0x00000000e9880000)
  from space 38912K, 0% used [0x00000000e9880000,0x00000000e9880000,0x00000000ebe80000)
  to   space 39936K, 0% used [0x00000000ebf80000,0x00000000ebf80000,0x00000000ee680000)
 ParOldGen       total 162304K, used 61708K [0x0000000080000000, 0x0000000089e80000, 0x00000000d5580000)
  object space 162304K, 38% used [0x0000000080000000,0x0000000083c43200,0x0000000089e80000)
 Metaspace       used 113402K, capacity 122122K, committed 122496K, reserved 1155072K
  class space    used 14484K, capacity 15894K, committed 16000K, reserved 1048576K

Card table byte_map: [0x00000000128f0000,0x0000000012d00000] byte_map_base: 0x00000000124f0000

Marking Bits: (ParMarkBitMap*) 0x0000000065fbf030
 Begin Bits: [0x00000000133b0000, 0x00000000153b0000)
 End Bits:   [0x00000000153b0000, 0x00000000173b0000)

Polling page: 0x0000000001300000

CodeCache: size=245760Kb used=80723Kb max_used=80743Kb free=165036Kb
 bounds [0x0000000003530000, 0x0000000008490000, 0x0000000012530000]
 total_blobs=22978 nmethods=21930 adapters=958
 compilation: enabled

Compilation events (10 events):
Event: 11631.745 Thread 0x00000000181a2000 28750       4       java.io.BufferedReader::readLine (6 bytes)
Event: 11631.747 Thread 0x00000000181a2000 nmethod 28750 0x00000000050f7090 code [0x00000000050f71e0, 0x00000000050f7268]
Event: 11631.813 Thread 0x00000000181ae800 28751   !   3       java.util.concurrent.ConcurrentHashMap::putVal (362 bytes)
Event: 11631.820 Thread 0x00000000181ae800 nmethod 28751 0x0000000008468a10 code [0x0000000008468cc0, 0x000000000846a5b8]
Event: 11631.821 Thread 0x00000000181ae800 28752   !   3       java.util.concurrent.ConcurrentHashMap::transfer (832 bytes)
Event: 11631.825 Thread 0x00000000181a7000 nmethod 28749 0x0000000008470f90 code [0x0000000008471160, 0x00000000084723d8]
Event: 11631.831 Thread 0x00000000181ae800 nmethod 28752 0x00000000084740d0 code [0x0000000008474420, 0x0000000008476988]
Event: 11632.054 Thread 0x00000000181a2000 28753   !   4       java.net.URL::<init> (543 bytes)
Event: 11632.087 Thread 0x00000000181a7000 28754       4       java.net.URLStreamHandler::sameFile (136 bytes)
Event: 11632.227 Thread 0x00000000181a7000 nmethod 28754 0x000000000847bed0 code [0x000000000847c180, 0x000000000847e448]

GC Heap History (10 events):
Event: 6976.756 GC heap before
{Heap before GC invocations=52 (full 6):
 PSYoungGen      total 345600K, used 314437K [0x00000000d5580000, 0x00000000edb00000, 0x0000000100000000)
  eden space 302080K, 99% used [0x00000000d5580000,0x00000000e7c09fa0,0x00000000e7c80000)
  from space 43520K, 29% used [0x00000000e7c80000,0x00000000e8907470,0x00000000ea700000)
  to   space 42496K, 0% used [0x00000000eb180000,0x00000000eb180000,0x00000000edb00000)
 ParOldGen       total 162304K, used 60042K [0x0000000080000000, 0x0000000089e80000, 0x00000000d5580000)
  object space 162304K, 36% used [0x0000000080000000,0x0000000083aa2898,0x0000000089e80000)
 Metaspace       used 111518K, capacity 120114K, committed 120320K, reserved 1155072K
  class space    used 14240K, capacity 15604K, committed 15616K, reserved 1048576K
Event: 6977.754 GC heap after
Heap after GC invocations=52 (full 6):
 PSYoungGen      total 357376K, used 16524K [0x00000000d5580000, 0x00000000ee300000, 0x0000000100000000)
  eden space 314880K, 0% used [0x00000000d5580000,0x00000000d5580000,0x00000000e8900000)
  from space 42496K, 38% used [0x00000000eb180000,0x00000000ec1a3238,0x00000000edb00000)
  to   space 41472K, 0% used [0x00000000e8900000,0x00000000e8900000,0x00000000eb180000)
 ParOldGen       total 162304K, used 60050K [0x0000000080000000, 0x0000000089e80000, 0x00000000d5580000)
  object space 162304K, 36% used [0x0000000080000000,0x0000000083aa4898,0x0000000089e80000)
 Metaspace       used 111518K, capacity 120114K, committed 120320K, reserved 1155072K
  class space    used 14240K, capacity 15604K, committed 15616K, reserved 1048576K
}
Event: 7546.368 GC heap before
{Heap before GC invocations=53 (full 6):
 PSYoungGen      total 357376K, used 331404K [0x00000000d5580000, 0x00000000ee300000, 0x0000000100000000)
  eden space 314880K, 100% used [0x00000000d5580000,0x00000000e8900000,0x00000000e8900000)
  from space 42496K, 38% used [0x00000000eb180000,0x00000000ec1a3238,0x00000000edb00000)
  to   space 41472K, 0% used [0x00000000e8900000,0x00000000e8900000,0x00000000eb180000)
 ParOldGen       total 162304K, used 60050K [0x0000000080000000, 0x0000000089e80000, 0x00000000d5580000)
  object space 162304K, 36% used [0x0000000080000000,0x0000000083aa4898,0x0000000089e80000)
 Metaspace       used 111740K, capacity 120446K, committed 120704K, reserved 1155072K
  class space    used 14264K, capacity 15648K, committed 15744K, reserved 1048576K
Event: 7547.008 GC heap after
Heap after GC invocations=53 (full 6):
 PSYoungGen      total 356352K, used 24004K [0x00000000d5580000, 0x00000000eeb00000, 0x0000000100000000)
  eden space 314880K, 0% used [0x00000000d5580000,0x00000000d5580000,0x00000000e8900000)
  from space 41472K, 57% used [0x00000000e8900000,0x00000000ea071388,0x00000000eb180000)
  to   space 40448K, 0% used [0x00000000ec380000,0x00000000ec380000,0x00000000eeb00000)
 ParOldGen       total 162304K, used 60050K [0x0000000080000000, 0x0000000089e80000, 0x00000000d5580000)
  object space 162304K, 36% used [0x0000000080000000,0x0000000083aa4898,0x0000000089e80000)
 Metaspace       used 111740K, capacity 120446K, committed 120704K, reserved 1155072K
  class space    used 14264K, capacity 15648K, committed 15744K, reserved 1048576K
}
Event: 8313.943 GC heap before
{Heap before GC invocations=54 (full 6):
 PSYoungGen      total 356352K, used 338884K [0x00000000d5580000, 0x00000000eeb00000, 0x0000000100000000)
  eden space 314880K, 100% used [0x00000000d5580000,0x00000000e8900000,0x00000000e8900000)
  from space 41472K, 57% used [0x00000000e8900000,0x00000000ea071388,0x00000000eb180000)
  to   space 40448K, 0% used [0x00000000ec380000,0x00000000ec380000,0x00000000eeb00000)
 ParOldGen       total 162304K, used 60050K [0x0000000080000000, 0x0000000089e80000, 0x00000000d5580000)
  object space 162304K, 36% used [0x0000000080000000,0x0000000083aa4898,0x0000000089e80000)
 Metaspace       used 111875K, capacity 120636K, committed 120960K, reserved 1155072K
  class space    used 14275K, capacity 15667K, committed 15744K, reserved 1048576K
Event: 8314.316 GC heap after
Heap after GC invocations=54 (full 6):
 PSYoungGen      total 364544K, used 17771K [0x00000000d5580000, 0x00000000ee480000, 0x0000000100000000)
  eden space 330752K, 0% used [0x00000000d5580000,0x00000000d5580000,0x00000000e9880000)
  from space 33792K, 52% used [0x00000000ec380000,0x00000000ed4dacb0,0x00000000ee480000)
  to   space 38912K, 0% used [0x00000000e9880000,0x00000000e9880000,0x00000000ebe80000)
 ParOldGen       total 162304K, used 60050K [0x0000000080000000, 0x0000000089e80000, 0x00000000d5580000)
  object space 162304K, 36% used [0x0000000080000000,0x0000000083aa4898,0x0000000089e80000)
 Metaspace       used 111875K, capacity 120636K, committed 120960K, reserved 1155072K
  class space    used 14275K, capacity 15667K, committed 15744K, reserved 1048576K
}
Event: 9345.194 GC heap before
{Heap before GC invocations=55 (full 6):
 PSYoungGen      total 364544K, used 123430K [0x00000000d5580000, 0x00000000ee480000, 0x0000000100000000)
  eden space 330752K, 31% used [0x00000000d5580000,0x00000000dbcaef38,0x00000000e9880000)
  from space 33792K, 52% used [0x00000000ec380000,0x00000000ed4dacb0,0x00000000ee480000)
  to   space 38912K, 0% used [0x00000000e9880000,0x00000000e9880000,0x00000000ebe80000)
 ParOldGen       total 162304K, used 60050K [0x0000000080000000, 0x0000000089e80000, 0x00000000d5580000)
  object space 162304K, 36% used [0x0000000080000000,0x0000000083aa4898,0x0000000089e80000)
 Metaspace       used 111893K, capacity 120640K, committed 120960K, reserved 1155072K
  class space    used 14275K, capacity 15667K, committed 15744K, reserved 1048576K
Event: 9345.740 GC heap after
Heap after GC invocations=55 (full 6):
 PSYoungGen      total 369664K, used 5677K [0x00000000d5580000, 0x00000000ee680000, 0x0000000100000000)
  eden space 330752K, 0% used [0x00000000d5580000,0x00000000d5580000,0x00000000e9880000)
  from space 38912K, 14% used [0x00000000e9880000,0x00000000e9e0b448,0x00000000ebe80000)
  to   space 39936K, 0% used [0x00000000ebf80000,0x00000000ebf80000,0x00000000ee680000)
 ParOldGen       total 162304K, used 60058K [0x0000000080000000, 0x0000000089e80000, 0x00000000d5580000)
  object space 162304K, 37% used [0x0000000080000000,0x0000000083aa6898,0x0000000089e80000)
 Metaspace       used 111893K, capacity 120640K, committed 120960K, reserved 1155072K
  class space    used 14275K, capacity 15667K, committed 15744K, reserved 1048576K
}
Event: 9345.740 GC heap before
{Heap before GC invocations=56 (full 7):
 PSYoungGen      total 369664K, used 5677K [0x00000000d5580000, 0x00000000ee680000, 0x0000000100000000)
  eden space 330752K, 0% used [0x00000000d5580000,0x00000000d5580000,0x00000000e9880000)
  from space 38912K, 14% used [0x00000000e9880000,0x00000000e9e0b448,0x00000000ebe80000)
  to   space 39936K, 0% used [0x00000000ebf80000,0x00000000ebf80000,0x00000000ee680000)
 ParOldGen       total 162304K, used 60058K [0x0000000080000000, 0x0000000089e80000, 0x00000000d5580000)
  object space 162304K, 37% used [0x0000000080000000,0x0000000083aa6898,0x0000000089e80000)
 Metaspace       used 111893K, capacity 120640K, committed 120960K, reserved 1155072K
  class space    used 14275K, capacity 15667K, committed 15744K, reserved 1048576K
Event: 9353.656 GC heap after
Heap after GC invocations=56 (full 7):
 PSYoungGen      total 369664K, used 0K [0x00000000d5580000, 0x00000000ee680000, 0x0000000100000000)
  eden space 330752K, 0% used [0x00000000d5580000,0x00000000d5580000,0x00000000e9880000)
  from space 38912K, 0% used [0x00000000e9880000,0x00000000e9880000,0x00000000ebe80000)
  to   space 39936K, 0% used [0x00000000ebf80000,0x00000000ebf80000,0x00000000ee680000)
 ParOldGen       total 162304K, used 61708K [0x0000000080000000, 0x0000000089e80000, 0x00000000d5580000)
  object space 162304K, 38% used [0x0000000080000000,0x0000000083c43200,0x0000000089e80000)
 Metaspace       used 111734K, capacity 120382K, committed 120960K, reserved 1155072K
  class space    used 14252K, capacity 15624K, committed 15744K, reserved 1048576K
}

Deoptimization events (10 events):
Event: 11630.126 Thread 0x000000001b380000 Uncommon trap: reason=unstable_if action=reinterpret pc=0x00000000068477f8 method=java.util.regex.Pattern$Branch.match(Ljava/util/regex/Matcher;ILjava/lang/CharSequence;)Z @ 35
Event: 11630.422 Thread 0x000000001b380000 Uncommon trap: reason=unstable_if action=reinterpret pc=0x00000000043813d4 method=java.util.regex.Pattern.newSlice([IIZ)Ljava/util/regex/Pattern$Node; @ 10
Event: 11630.694 Thread 0x000000001b380000 Uncommon trap: reason=unstable_if action=reinterpret pc=0x0000000005c5fdec method=java.lang.String.trim()Ljava/lang/String; @ 44
Event: 11630.900 Thread 0x000000001b380000 Uncommon trap: reason=unstable_if action=reinterpret pc=0x0000000007aa6e6c method=sun.util.calendar.BaseCalendar.getFixedDate(IIILsun/util/calendar/BaseCalendar$Date;)J @ 2
Event: 11631.523 Thread 0x000000001b380000 Uncommon trap: reason=null_check action=make_not_entrant pc=0x0000000005956620 method=java.net.URL.getURLStreamHandler(Ljava/lang/String;)Ljava/net/URLStreamHandler; @ 7
Event: 11631.532 Thread 0x000000001b380000 Uncommon trap: reason=unstable_if action=reinterpret pc=0x00000000044ede40 method=sun.net.util.IPAddressUtil.scan(Ljava/lang/String;JJ[C)I @ 14
Event: 11631.807 Thread 0x000000001b380000 Uncommon trap: reason=unstable_if action=reinterpret pc=0x000000000493b99c method=java.util.concurrent.ConcurrentHashMap.putVal(Ljava/lang/Object;Ljava/lang/Object;Z)Ljava/lang/Object; @ 331
Event: 11631.819 Thread 0x000000001b380000 Uncommon trap: reason=unstable_if action=reinterpret pc=0x0000000003a62dc0 method=java.util.concurrent.ConcurrentHashMap.transfer([Ljava/util/concurrent/ConcurrentHashMap$Node;[Ljava/util/concurrent/ConcurrentHashMap$Node;)V @ 356
Event: 11632.257 Thread 0x000000001b380000 Uncommon trap: reason=unstable_if action=reinterpret pc=0x0000000004ad3188 method=java.util.LinkedList.toArray([Ljava/lang/Object;)[Ljava/lang/Object; @ 6
Event: 11632.353 Thread 0x000000001b380000 Uncommon trap: reason=unstable_if action=reinterpret pc=0x00000000038a4f74 method=java.net.URI$Parser.scan(IILjava/lang/String;Ljava/lang/String;)I @ 23

Classes redefined (0 events):
No events

Internal exceptions (10 events):
Event: 8314.681 Thread 0x000000001e2f9800 Exception <a 'sun/nio/fs/WindowsException'> (0x00000000d5aba588) thrown at [C:\src\AOSP-openjdk-git\hotspot\src\share\vm\prims\jni.cpp, line 710]
Event: 8314.688 Thread 0x000000001e2f9800 Exception <a 'sun/nio/fs/WindowsException'> (0x00000000d5b459a0) thrown at [C:\src\AOSP-openjdk-git\hotspot\src\share\vm\prims\jni.cpp, line 710]
Event: 8314.693 Thread 0x000000001e2f9800 Exception <a 'sun/nio/fs/WindowsException'> (0x00000000d5b4d470) thrown at [C:\src\AOSP-openjdk-git\hotspot\src\share\vm\prims\jni.cpp, line 710]
Event: 8317.205 Thread 0x000000001e2fb000 Exception <a 'sun/nio/fs/WindowsException'> (0x00000000d6f37a58) thrown at [C:\src\AOSP-openjdk-git\hotspot\src\share\vm\prims\jni.cpp, line 710]
Event: 8318.136 Thread 0x000000001e303800 Exception <a 'sun/nio/fs/WindowsException'> (0x00000000da1a3380) thrown at [C:\src\AOSP-openjdk-git\hotspot\src\share\vm\prims\jni.cpp, line 710]
Event: 11453.741 Thread 0x000000001e306000 Implicit null exception at 0x00000000046d43f6 to 0x00000000046d5375
Event: 11625.449 Thread 0x000000001b380000 Exception <a 'sun/nio/fs/WindowsException'> (0x00000000d7f35528) thrown at [C:\src\AOSP-openjdk-git\hotspot\src\share\vm\prims\jni.cpp, line 710]
Event: 11627.396 Thread 0x000000001b380000 Exception <a 'sun/nio/fs/WindowsException'> (0x00000000d8ac6e58) thrown at [C:\src\AOSP-openjdk-git\hotspot\src\share\vm\prims\jni.cpp, line 710]
Event: 11629.378 Thread 0x000000001b380000 Implicit null exception at 0x0000000006c4c9d4 to 0x0000000006c5335d
Event: 11631.523 Thread 0x000000001b380000 Implicit null exception at 0x000000000595431c to 0x0000000005956605

Events (10 events):
Event: 11632.361 loading class org/apache/http/impl/cookie/RFC2109Spec
Event: 11632.361 loading class org/apache/http/impl/cookie/RFC2109Spec done
Event: 11632.364 loading class org/apache/http/impl/cookie/CookieSpecBase
Event: 11632.364 loading class org/apache/http/impl/cookie/CookieSpecBase done
Event: 11632.365 loading class org/apache/http/impl/cookie/AbstractCookieSpec
Event: 11632.365 loading class org/apache/http/impl/cookie/AbstractCookieSpec done
Event: 11632.368 loading class org/apache/http/cookie/SetCookie
Event: 11632.368 loading class org/apache/http/cookie/SetCookie done
Event: 11632.369 loading class org/apache/http/cookie/Cookie
Event: 11632.369 loading class org/apache/http/cookie/Cookie done


Dynamic libraries:
0x00007ff7730c0000 - 0x00007ff7730f1000 	C:\Program Files\Android\Android Studio\jre\bin\java.exe
0x00007ffb2b220000 - 0x00007ffb2b410000 	C:\WINDOWS\SYSTEM32\ntdll.dll
0x00007ffb292d0000 - 0x00007ffb29382000 	C:\WINDOWS\System32\KERNEL32.DLL
0x00007ffb281b0000 - 0x00007ffb28455000 	C:\WINDOWS\System32\KERNELBASE.dll
0x00007ffb2a940000 - 0x00007ffb2a9e3000 	C:\WINDOWS\System32\ADVAPI32.dll
0x00007ffb2b0a0000 - 0x00007ffb2b13e000 	C:\WINDOWS\System32\msvcrt.dll
0x00007ffb2b140000 - 0x00007ffb2b1d7000 	C:\WINDOWS\System32\sechost.dll
0x00007ffb2a550000 - 0x00007ffb2a66f000 	C:\WINDOWS\System32\RPCRT4.dll
0x00007ffb29390000 - 0x00007ffb29524000 	C:\WINDOWS\System32\USER32.dll
0x00007ffb28d80000 - 0x00007ffb28da1000 	C:\WINDOWS\System32\win32u.dll
0x00007ffb29880000 - 0x00007ffb298a6000 	C:\WINDOWS\System32\GDI32.dll
0x00007ffb28460000 - 0x00007ffb285f8000 	C:\WINDOWS\System32\gdi32full.dll
0x00007ffb29020000 - 0x00007ffb290be000 	C:\WINDOWS\System32\msvcp_win.dll
0x00007ffb291d0000 - 0x00007ffb292ca000 	C:\WINDOWS\System32\ucrtbase.dll
0x00007ffb13a50000 - 0x00007ffb13cd4000 	C:\WINDOWS\WinSxS\amd64_microsoft.windows.common-controls_6595b64144ccf1df_6.0.18362.1440_none_9e7dbfb9e45e8e67\COMCTL32.dll
0x00007ffb2ad60000 - 0x00007ffb2b096000 	C:\WINDOWS\System32\combase.dll
0x00007ffb29140000 - 0x00007ffb291c1000 	C:\WINDOWS\System32\bcryptPrimitives.dll
0x00007ffb2a8a0000 - 0x00007ffb2a8ce000 	C:\WINDOWS\System32\IMM32.DLL
0x0000000065630000 - 0x0000000065702000 	C:\Program Files\Android\Android Studio\jre\jre\bin\msvcr100.dll
0x00000000657f0000 - 0x000000006603b000 	C:\Program Files\Android\Android Studio\jre\jre\bin\server\jvm.dll
0x00007ffb2a540000 - 0x00007ffb2a548000 	C:\WINDOWS\System32\PSAPI.DLL
0x00007ffb22b30000 - 0x00007ffb22b3a000 	C:\WINDOWS\SYSTEM32\VERSION.dll
0x00007ffb25f00000 - 0x00007ffb25f24000 	C:\WINDOWS\SYSTEM32\WINMM.dll
0x00007ffb25ed0000 - 0x00007ffb25efd000 	C:\WINDOWS\SYSTEM32\winmmbase.dll
0x00007ffb290c0000 - 0x00007ffb2910a000 	C:\WINDOWS\System32\cfgmgr32.dll
0x00007ffb10580000 - 0x00007ffb10589000 	C:\WINDOWS\SYSTEM32\WSOCK32.dll
0x00007ffb2a8d0000 - 0x00007ffb2a93f000 	C:\WINDOWS\System32\ws2_32.DLL
0x00007ffb1bc10000 - 0x00007ffb1bc1f000 	C:\Program Files\Android\Android Studio\jre\jre\bin\verify.dll
0x00007ffb0ad50000 - 0x00007ffb0ad79000 	C:\Program Files\Android\Android Studio\jre\jre\bin\java.dll
0x00007ffb0e830000 - 0x00007ffb0e846000 	C:\Program Files\Android\Android Studio\jre\jre\bin\zip.dll
0x00007ffb298c0000 - 0x00007ffb29fa8000 	C:\WINDOWS\System32\SHELL32.dll
0x00007ffb2a420000 - 0x00007ffb2a4c7000 	C:\WINDOWS\System32\shcore.dll
0x00007ffb28600000 - 0x00007ffb28d7b000 	C:\WINDOWS\System32\windows.storage.dll
0x00007ffb28120000 - 0x00007ffb2813e000 	C:\WINDOWS\System32\profapi.dll
0x00007ffb28140000 - 0x00007ffb2818a000 	C:\WINDOWS\System32\powrprof.dll
0x00007ffb280d0000 - 0x00007ffb280e0000 	C:\WINDOWS\System32\UMPDC.dll
0x00007ffb2ad00000 - 0x00007ffb2ad52000 	C:\WINDOWS\System32\shlwapi.dll
0x00007ffb280e0000 - 0x00007ffb280f1000 	C:\WINDOWS\System32\kernel.appcore.dll
0x00007ffb28190000 - 0x00007ffb281a7000 	C:\WINDOWS\System32\cryptsp.dll
0x00007ffb0ad30000 - 0x00007ffb0ad4a000 	C:\Program Files\Android\Android Studio\jre\jre\bin\net.dll
0x00007ffb27910000 - 0x00007ffb27977000 	C:\WINDOWS\system32\mswsock.dll
0x00007ffb0a600000 - 0x00007ffb0a613000 	C:\Program Files\Android\Android Studio\jre\jre\bin\nio.dll
0x00007ffb01650000 - 0x00007ffb01677000 	C:\Users\syota\.gradle\native\f6784746aeab05261644944871eae4fe03e0ef1612fff0a4a95f87b438bc6780\windows-amd64\native-platform.dll
0x00007ffb1bc00000 - 0x00007ffb1bc0d000 	C:\Program Files\Android\Android Studio\jre\jre\bin\management.dll
0x00007ffb27430000 - 0x00007ffb27463000 	C:\WINDOWS\system32\rsaenh.dll
0x00007ffb29110000 - 0x00007ffb29136000 	C:\WINDOWS\System32\bcrypt.dll
0x00007ffb27fb0000 - 0x00007ffb27fd5000 	C:\WINDOWS\SYSTEM32\USERENV.dll
0x00007ffb27ae0000 - 0x00007ffb27aec000 	C:\WINDOWS\SYSTEM32\CRYPTBASE.dll
0x00007ffb275c0000 - 0x00007ffb275fa000 	C:\WINDOWS\SYSTEM32\IPHLPAPI.DLL
0x00007ffb2a740000 - 0x00007ffb2a748000 	C:\WINDOWS\System32\NSI.dll
0x00007ffb1ecb0000 - 0x00007ffb1ecc6000 	C:\WINDOWS\SYSTEM32\dhcpcsvc6.DLL
0x00007ffb1ec90000 - 0x00007ffb1ecac000 	C:\WINDOWS\SYSTEM32\dhcpcsvc.DLL
0x00007ffb27600000 - 0x00007ffb276cb000 	C:\WINDOWS\SYSTEM32\DNSAPI.dll
0x00007ffb23e70000 - 0x00007ffb23e7b000 	C:\WINDOWS\SYSTEM32\WINNSI.DLL
0x00007ffb14c30000 - 0x00007ffb14c4e000 	C:\Users\syota\AppData\Local\Temp\native-platform8924523854365498091dir\native-platform.dll
0x00007ffb011b0000 - 0x00007ffb0134c000 	C:\Program Files\Android\Android Studio\jre\jre\bin\awt.dll
0x00007ffb2a770000 - 0x00007ffb2a835000 	C:\WINDOWS\System32\OLEAUT32.dll
0x00007ffb269f0000 - 0x00007ffb26a1d000 	C:\WINDOWS\SYSTEM32\dwmapi.dll
0x00007ffb24a50000 - 0x00007ffb25010000 	C:\WINDOWS\SYSTEM32\d2d1.dll
0x00007ffb26220000 - 0x00007ffb262af000 	C:\WINDOWS\SYSTEM32\apphelp.dll
0x00007ffb26400000 - 0x00007ffb26499000 	C:\WINDOWS\system32\uxtheme.dll
0x00007ffb0a930000 - 0x00007ffb0a954000 	C:\Program Files\Android\Android Studio\jre\jre\bin\sunec.dll

VM Arguments:
jvm_args: -Xmx2048m -Dfile.encoding=UTF-8 -Duser.country=JP -Duser.language=ja -Duser.variant 
java_command: org.gradle.launcher.daemon.bootstrap.GradleDaemon 6.5
java_class_path (initial): C:\Users\syota\.gradle\wrapper\dists\gradle-6.5-bin\6nifqtx7604sqp1q6g8wikw7p\gradle-6.5\lib\gradle-launcher-6.5.jar
Launcher Type: SUN_STANDARD

Environment Variables:
JAVA_HOME=C:ÅèProgram FilesÅèjdk-15.0.1
PATH=C:\WINDOWS\system32;C:\WINDOWS;C:\WINDOWS\System32\Wbem;C:\WINDOWS\System32\WindowsPowerShell\v1.0\;C:\WINDOWS\System32\OpenSSH\;C:\Program Files\Git\cmd;C:\Ruby27-x64\bin;C:\Users\syota\AppData\Local\Microsoft\WindowsApps;;C:\Users\syota\AppData\Local\Programs\Microsoft VS Code\bin
USERNAME=syota
OS=Windows_NT
PROCESSOR_IDENTIFIER=Intel64 Family 6 Model 142 Stepping 9, GenuineIntel



---------------  S Y S T E M  ---------------

OS: Windows 10.0 , 64 bit Build 18362 (10.0.18362.1350)

CPU:total 4 (initial active 4) (2 cores per cpu, 2 threads per core) family 6 model 142 stepping 9, cmov, cx8, fxsr, mmx, sse, sse2, sse3, ssse3, sse4.1, sse4.2, popcnt, aes, clmul, erms, 3dnowpref, lzcnt, ht, tsc, tscinvbit

Memory: 4k page, physical 4075988k(316512k free), swap 11533264k(584k free)

vm_info: OpenJDK 64-Bit Server VM (25.242-b01) for windows-amd64 JRE (1.8.0_242-release-1644-b01), built by "builder" with MS VC++ 10.0 (VS2010)

time: Mon Mar 22 23:48:41 2021
timezone: ìåãû (ïWèÄéû)
elapsed time: 11632 seconds (0d 3h 13m 52s)

